CRITICAL - 2021-07-09 22:04:37 --> syntax error, unexpected 'return' (T_RETURN)
#0 /home/xtrehfuf/Bitsplash.uk/system/Autoloader/Autoloader.php(265): CodeIgniter\Autoloader\Autoloader->includeFile('/home/xtrehfuf/...')
#1 /home/xtrehfuf/Bitsplash.uk/system/Autoloader/Autoloader.php(228): CodeIgniter\Autoloader\Autoloader->loadInNamespace('App\\Models\\Inve...')
#2 [internal function]: CodeIgniter\Autoloader\Autoloader->loadClass('App\\Models\\Inve...')
#3 /home/xtrehfuf/Bitsplash.uk/app/Controllers/Admin.php(32): spl_autoload_call('App\\Models\\Inve...')
#4 /home/xtrehfuf/Bitsplash.uk/system/CodeIgniter.php(936): App\Controllers\Admin->index()
#5 /home/xtrehfuf/Bitsplash.uk/system/CodeIgniter.php(432): CodeIgniter\CodeIgniter->runController(Object(App\Controllers\Admin))
#6 /home/xtrehfuf/Bitsplash.uk/system/CodeIgniter.php(333): CodeIgniter\CodeIgniter->handleRequest(NULL, Object(Config\Cache), false)
#7 /home/xtrehfuf/Bitsplash.uk/index.php(44): CodeIgniter\CodeIgniter->run()
#8 {main}
CRITICAL - 2021-07-09 22:05:05 --> Call to undefined method CodeIgniter\Database\MySQLi\Result::row_array()
#0 /home/xtrehfuf/Bitsplash.uk/app/Controllers/Admin.php(44): App\Models\InvestedModel->getAllDeposit()
#1 /home/xtrehfuf/Bitsplash.uk/system/CodeIgniter.php(936): App\Controllers\Admin->index()
#2 /home/xtrehfuf/Bitsplash.uk/system/CodeIgniter.php(432): CodeIgniter\CodeIgniter->runController(Object(App\Controllers\Admin))
#3 /home/xtrehfuf/Bitsplash.uk/system/CodeIgniter.php(333): CodeIgniter\CodeIgniter->handleRequest(NULL, Object(Config\Cache), false)
#4 /home/xtrehfuf/Bitsplash.uk/index.php(44): CodeIgniter\CodeIgniter->run()
#5 {main}
CRITICAL - 2021-07-09 22:05:08 --> Call to undefined method CodeIgniter\Database\MySQLi\Result::row_array()
#0 /home/xtrehfuf/Bitsplash.uk/app/Controllers/Admin.php(44): App\Models\InvestedModel->getAllDeposit()
#1 /home/xtrehfuf/Bitsplash.uk/system/CodeIgniter.php(936): App\Controllers\Admin->index()
#2 /home/xtrehfuf/Bitsplash.uk/system/CodeIgniter.php(432): CodeIgniter\CodeIgniter->runController(Object(App\Controllers\Admin))
#3 /home/xtrehfuf/Bitsplash.uk/system/CodeIgniter.php(333): CodeIgniter\CodeIgniter->handleRequest(NULL, Object(Config\Cache), false)
#4 /home/xtrehfuf/Bitsplash.uk/index.php(44): CodeIgniter\CodeIgniter->run()
#5 {main}
CRITICAL - 2021-07-09 22:05:40 --> Call to undefined method CodeIgniter\Database\MySQLi\Result::row_array()
#0 /home/xtrehfuf/Bitsplash.uk/app/Controllers/Admin.php(44): App\Models\InvestedModel->getAllDeposit()
#1 /home/xtrehfuf/Bitsplash.uk/system/CodeIgniter.php(936): App\Controllers\Admin->index()
#2 /home/xtrehfuf/Bitsplash.uk/system/CodeIgniter.php(432): CodeIgniter\CodeIgniter->runController(Object(App\Controllers\Admin))
#3 /home/xtrehfuf/Bitsplash.uk/system/CodeIgniter.php(333): CodeIgniter\CodeIgniter->handleRequest(NULL, Object(Config\Cache), false)
#4 /home/xtrehfuf/Bitsplash.uk/index.php(44): CodeIgniter\CodeIgniter->run()
#5 {main}
CRITICAL - 2021-07-09 22:09:26 --> Object of class stdClass could not be converted to string
#0 /home/xtrehfuf/Bitsplash.uk/app/Views/admin/index.php(108): CodeIgniter\Debug\Exceptions->errorHandler(4096, 'Object of class...', '/home/xtrehfuf/...', 108, Array)
#1 /home/xtrehfuf/Bitsplash.uk/system/View/View.php(220): include('/home/xtrehfuf/...')
#2 /home/xtrehfuf/Bitsplash.uk/system/View/View.php(222): CodeIgniter\View\View->CodeIgniter\View\{closure}()
#3 /home/xtrehfuf/Bitsplash.uk/system/Common.php(1217): CodeIgniter\View\View->render('admin/index', Array, true)
#4 /home/xtrehfuf/Bitsplash.uk/app/Controllers/Admin.php(51): view('admin/index', Array)
#5 /home/xtrehfuf/Bitsplash.uk/system/CodeIgniter.php(936): App\Controllers\Admin->index()
#6 /home/xtrehfuf/Bitsplash.uk/system/CodeIgniter.php(432): CodeIgniter\CodeIgniter->runController(Object(App\Controllers\Admin))
#7 /home/xtrehfuf/Bitsplash.uk/system/CodeIgniter.php(333): CodeIgniter\CodeIgniter->handleRequest(NULL, Object(Config\Cache), false)
#8 /home/xtrehfuf/Bitsplash.uk/index.php(44): CodeIgniter\CodeIgniter->run()
#9 {main}
CRITICAL - 2021-07-09 22:10:46 --> Call to undefined function SUM()
#0 /home/xtrehfuf/Bitsplash.uk/system/View/View.php(220): include()
#1 /home/xtrehfuf/Bitsplash.uk/system/View/View.php(222): CodeIgniter\View\View->CodeIgniter\View\{closure}()
#2 /home/xtrehfuf/Bitsplash.uk/system/Common.php(1217): CodeIgniter\View\View->render('admin/index', Array, true)
#3 /home/xtrehfuf/Bitsplash.uk/app/Controllers/Admin.php(51): view('admin/index', Array)
#4 /home/xtrehfuf/Bitsplash.uk/system/CodeIgniter.php(936): App\Controllers\Admin->index()
#5 /home/xtrehfuf/Bitsplash.uk/system/CodeIgniter.php(432): CodeIgniter\CodeIgniter->runController(Object(App\Controllers\Admin))
#6 /home/xtrehfuf/Bitsplash.uk/system/CodeIgniter.php(333): CodeIgniter\CodeIgniter->handleRequest(NULL, Object(Config\Cache), false)
#7 /home/xtrehfuf/Bitsplash.uk/index.php(44): CodeIgniter\CodeIgniter->run()
#8 {main}
CRITICAL - 2021-07-09 22:24:39 --> Cannot use object of type stdClass as array
#0 /home/xtrehfuf/Bitsplash.uk/system/View/View.php(220): include()
#1 /home/xtrehfuf/Bitsplash.uk/system/View/View.php(222): CodeIgniter\View\View->CodeIgniter\View\{closure}()
#2 /home/xtrehfuf/Bitsplash.uk/system/Common.php(1217): CodeIgniter\View\View->render('admin/index', Array, true)
#3 /home/xtrehfuf/Bitsplash.uk/app/Controllers/Admin.php(51): view('admin/index', Array)
#4 /home/xtrehfuf/Bitsplash.uk/system/CodeIgniter.php(936): App\Controllers\Admin->index()
#5 /home/xtrehfuf/Bitsplash.uk/system/CodeIgniter.php(432): CodeIgniter\CodeIgniter->runController(Object(App\Controllers\Admin))
#6 /home/xtrehfuf/Bitsplash.uk/system/CodeIgniter.php(333): CodeIgniter\CodeIgniter->handleRequest(NULL, Object(Config\Cache), false)
#7 /home/xtrehfuf/Bitsplash.uk/index.php(44): CodeIgniter\CodeIgniter->run()
#8 {main}
CRITICAL - 2021-07-09 22:26:49 --> syntax error, unexpected '[', expecting identifier (T_STRING) or variable (T_VARIABLE) or '{' or '$'
#0 /home/xtrehfuf/Bitsplash.uk/system/Router/Router.php(170): CodeIgniter\Router\Router->autoRoute('admin')
#1 /home/xtrehfuf/Bitsplash.uk/system/CodeIgniter.php(816): CodeIgniter\Router\Router->handle('admin')
#2 /home/xtrehfuf/Bitsplash.uk/system/CodeIgniter.php(385): CodeIgniter\CodeIgniter->tryToRouteIt(Object(CodeIgniter\Router\RouteCollection))
#3 /home/xtrehfuf/Bitsplash.uk/system/CodeIgniter.php(333): CodeIgniter\CodeIgniter->handleRequest(NULL, Object(Config\Cache), false)
#4 /home/xtrehfuf/Bitsplash.uk/index.php(44): CodeIgniter\CodeIgniter->run()
#5 {main}
CRITICAL - 2021-07-09 22:27:02 --> Call to undefined function App\Controllers\SUM()
#0 /home/xtrehfuf/Bitsplash.uk/system/CodeIgniter.php(936): App\Controllers\Admin->index()
#1 /home/xtrehfuf/Bitsplash.uk/system/CodeIgniter.php(432): CodeIgniter\CodeIgniter->runController(Object(App\Controllers\Admin))
#2 /home/xtrehfuf/Bitsplash.uk/system/CodeIgniter.php(333): CodeIgniter\CodeIgniter->handleRequest(NULL, Object(Config\Cache), false)
#3 /home/xtrehfuf/Bitsplash.uk/index.php(44): CodeIgniter\CodeIgniter->run()
#4 {main}
CRITICAL - 2021-07-09 22:28:06 --> Call to undefined method CodeIgniter\Database\MySQLi\Result::get()
#0 /home/xtrehfuf/Bitsplash.uk/app/Controllers/Admin.php(44): App\Models\InvestedModel->getAllDeposit()
#1 /home/xtrehfuf/Bitsplash.uk/system/CodeIgniter.php(936): App\Controllers\Admin->index()
#2 /home/xtrehfuf/Bitsplash.uk/system/CodeIgniter.php(432): CodeIgniter\CodeIgniter->runController(Object(App\Controllers\Admin))
#3 /home/xtrehfuf/Bitsplash.uk/system/CodeIgniter.php(333): CodeIgniter\CodeIgniter->handleRequest(NULL, Object(Config\Cache), false)
#4 /home/xtrehfuf/Bitsplash.uk/index.php(44): CodeIgniter\CodeIgniter->run()
#5 {main}
CRITICAL - 2021-07-09 22:30:41 --> Call to undefined method stdClass::SUM()
#0 /home/xtrehfuf/Bitsplash.uk/system/CodeIgniter.php(936): App\Controllers\Admin->index()
#1 /home/xtrehfuf/Bitsplash.uk/system/CodeIgniter.php(432): CodeIgniter\CodeIgniter->runController(Object(App\Controllers\Admin))
#2 /home/xtrehfuf/Bitsplash.uk/system/CodeIgniter.php(333): CodeIgniter\CodeIgniter->handleRequest(NULL, Object(Config\Cache), false)
#3 /home/xtrehfuf/Bitsplash.uk/index.php(44): CodeIgniter\CodeIgniter->run()
#4 {main}
CRITICAL - 2021-07-09 22:31:15 --> Call to undefined method stdClass::SUM()
#0 /home/xtrehfuf/Bitsplash.uk/system/CodeIgniter.php(936): App\Controllers\Admin->index()
#1 /home/xtrehfuf/Bitsplash.uk/system/CodeIgniter.php(432): CodeIgniter\CodeIgniter->runController(Object(App\Controllers\Admin))
#2 /home/xtrehfuf/Bitsplash.uk/system/CodeIgniter.php(333): CodeIgniter\CodeIgniter->handleRequest(NULL, Object(Config\Cache), false)
#3 /home/xtrehfuf/Bitsplash.uk/index.php(44): CodeIgniter\CodeIgniter->run()
#4 {main}
CRITICAL - 2021-07-09 22:31:34 --> Undefined property: stdClass::$invested
#0 /home/xtrehfuf/Bitsplash.uk/app/Controllers/Admin.php(49): CodeIgniter\Debug\Exceptions->errorHandler(8, 'Undefined prope...', '/home/xtrehfuf/...', 49, Array)
#1 /home/xtrehfuf/Bitsplash.uk/system/CodeIgniter.php(936): App\Controllers\Admin->index()
#2 /home/xtrehfuf/Bitsplash.uk/system/CodeIgniter.php(432): CodeIgniter\CodeIgniter->runController(Object(App\Controllers\Admin))
#3 /home/xtrehfuf/Bitsplash.uk/system/CodeIgniter.php(333): CodeIgniter\CodeIgniter->handleRequest(NULL, Object(Config\Cache), false)
#4 /home/xtrehfuf/Bitsplash.uk/index.php(44): CodeIgniter\CodeIgniter->run()
#5 {main}
CRITICAL - 2021-07-09 22:33:07 --> Object of class stdClass could not be converted to string
#0 /home/xtrehfuf/Bitsplash.uk/app/Controllers/Admin.php(48): CodeIgniter\Debug\Exceptions->errorHandler(4096, 'Object of class...', '/home/xtrehfuf/...', 48, Array)
#1 /home/xtrehfuf/Bitsplash.uk/system/CodeIgniter.php(936): App\Controllers\Admin->index()
#2 /home/xtrehfuf/Bitsplash.uk/system/CodeIgniter.php(432): CodeIgniter\CodeIgniter->runController(Object(App\Controllers\Admin))
#3 /home/xtrehfuf/Bitsplash.uk/system/CodeIgniter.php(333): CodeIgniter\CodeIgniter->handleRequest(NULL, Object(Config\Cache), false)
#4 /home/xtrehfuf/Bitsplash.uk/index.php(44): CodeIgniter\CodeIgniter->run()
#5 {main}
CRITICAL - 2021-07-09 22:37:31 --> Trying to get property 'invested' of non-object
#0 /home/xtrehfuf/Bitsplash.uk/app/Controllers/Admin.php(49): CodeIgniter\Debug\Exceptions->errorHandler(8, 'Trying to get p...', '/home/xtrehfuf/...', 49, Array)
#1 /home/xtrehfuf/Bitsplash.uk/system/CodeIgniter.php(936): App\Controllers\Admin->index()
#2 /home/xtrehfuf/Bitsplash.uk/system/CodeIgniter.php(432): CodeIgniter\CodeIgniter->runController(Object(App\Controllers\Admin))
#3 /home/xtrehfuf/Bitsplash.uk/system/CodeIgniter.php(333): CodeIgniter\CodeIgniter->handleRequest(NULL, Object(Config\Cache), false)
#4 /home/xtrehfuf/Bitsplash.uk/index.php(44): CodeIgniter\CodeIgniter->run()
#5 {main}
