CRITICAL - 2021-05-08 14:04:34 --> Cannot use App\Libraries\Smartcampusapi as Smartcampusapi because the name is already in use
#0 [internal function]: CodeIgniter\Debug\Exceptions->shutdownHandler()
#1 {main}
CRITICAL - 2021-05-08 14:05:04 --> Cannot use Config\Services as Services because the name is already in use
#0 [internal function]: CodeIgniter\Debug\Exceptions->shutdownHandler()
#1 {main}
CRITICAL - 2021-05-08 14:05:30 --> Class 'App\Controllers\Controller' not found
#0 /home/genurgvd/trademagoptions.online/system/Autoloader/Autoloader.php(294): include_once()
#1 /home/genurgvd/trademagoptions.online/system/Autoloader/Autoloader.php(265): CodeIgniter\Autoloader\Autoloader->includeFile('/home/genurgvd/...')
#2 /home/genurgvd/trademagoptions.online/system/Autoloader/Autoloader.php(228): CodeIgniter\Autoloader\Autoloader->loadInNamespace('App\\Controllers...')
#3 [internal function]: CodeIgniter\Autoloader\Autoloader->loadClass('App\\Controllers...')
#4 [internal function]: spl_autoload_call('App\\Controllers...')
#5 /home/genurgvd/trademagoptions.online/system/CodeIgniter.php(893): class_exists('\\App\\Controller...', true)
#6 /home/genurgvd/trademagoptions.online/system/CodeIgniter.php(417): CodeIgniter\CodeIgniter->startController()
#7 /home/genurgvd/trademagoptions.online/system/CodeIgniter.php(333): CodeIgniter\CodeIgniter->handleRequest(NULL, Object(Config\Cache), false)
#8 /home/genurgvd/trademagoptions.online/index.php(44): CodeIgniter\CodeIgniter->run()
#9 {main}
CRITICAL - 2021-05-08 15:17:42 --> Class 'App\Libraries\App_services' not found
#0 /home/genurgvd/trademagoptions.online/system/CodeIgniter.php(908): App\Controllers\Auth->__construct()
#1 /home/genurgvd/trademagoptions.online/system/CodeIgniter.php(422): CodeIgniter\CodeIgniter->createController()
#2 /home/genurgvd/trademagoptions.online/system/CodeIgniter.php(333): CodeIgniter\CodeIgniter->handleRequest(NULL, Object(Config\Cache), false)
#3 /home/genurgvd/trademagoptions.online/index.php(44): CodeIgniter\CodeIgniter->run()
#4 {main}
CRITICAL - 2021-05-08 15:25:32 --> Trying to get property 'result' of non-object
#0 /home/genurgvd/trademagoptions.online/app/Controllers/Auth.php(23): CodeIgniter\Debug\Exceptions->errorHandler(8, 'Trying to get p...', '/home/genurgvd/...', 23, Array)
#1 /home/genurgvd/trademagoptions.online/system/CodeIgniter.php(936): App\Controllers\Auth->register()
#2 /home/genurgvd/trademagoptions.online/system/CodeIgniter.php(432): CodeIgniter\CodeIgniter->runController(Object(App\Controllers\Auth))
#3 /home/genurgvd/trademagoptions.online/system/CodeIgniter.php(333): CodeIgniter\CodeIgniter->handleRequest(NULL, Object(Config\Cache), false)
#4 /home/genurgvd/trademagoptions.online/index.php(44): CodeIgniter\CodeIgniter->run()
#5 {main}
CRITICAL - 2021-05-08 15:25:58 --> Trying to get property 'result' of non-object
#0 /home/genurgvd/trademagoptions.online/app/Libraries/App_services.php(26): CodeIgniter\Debug\Exceptions->errorHandler(8, 'Trying to get p...', '/home/genurgvd/...', 26, Array)
#1 /home/genurgvd/trademagoptions.online/app/Controllers/Auth.php(23): App\Libraries\App_services->getCountries()
#2 /home/genurgvd/trademagoptions.online/system/CodeIgniter.php(936): App\Controllers\Auth->register()
#3 /home/genurgvd/trademagoptions.online/system/CodeIgniter.php(432): CodeIgniter\CodeIgniter->runController(Object(App\Controllers\Auth))
#4 /home/genurgvd/trademagoptions.online/system/CodeIgniter.php(333): CodeIgniter\CodeIgniter->handleRequest(NULL, Object(Config\Cache), false)
#5 /home/genurgvd/trademagoptions.online/index.php(44): CodeIgniter\CodeIgniter->run()
#6 {main}
CRITICAL - 2021-05-08 15:58:32 --> syntax error, unexpected '->' (T_OBJECT_OPERATOR)
#0 /home/genurgvd/trademagoptions.online/system/Autoloader/Autoloader.php(265): CodeIgniter\Autoloader\Autoloader->includeFile('/home/genurgvd/...')
#1 /home/genurgvd/trademagoptions.online/system/Autoloader/Autoloader.php(228): CodeIgniter\Autoloader\Autoloader->loadInNamespace('App\\Libraries\\A...')
#2 [internal function]: CodeIgniter\Autoloader\Autoloader->loadClass('App\\Libraries\\A...')
#3 /home/genurgvd/trademagoptions.online/app/Controllers/Auth.php(16): spl_autoload_call('App\\Libraries\\A...')
#4 /home/genurgvd/trademagoptions.online/system/CodeIgniter.php(908): App\Controllers\Auth->__construct()
#5 /home/genurgvd/trademagoptions.online/system/CodeIgniter.php(422): CodeIgniter\CodeIgniter->createController()
#6 /home/genurgvd/trademagoptions.online/system/CodeIgniter.php(333): CodeIgniter\CodeIgniter->handleRequest(NULL, Object(Config\Cache), false)
#7 /home/genurgvd/trademagoptions.online/index.php(44): CodeIgniter\CodeIgniter->run()
#8 {main}
CRITICAL - 2021-05-08 15:58:54 --> syntax error, unexpected '->' (T_OBJECT_OPERATOR)
#0 /home/genurgvd/trademagoptions.online/system/Autoloader/Autoloader.php(265): CodeIgniter\Autoloader\Autoloader->includeFile('/home/genurgvd/...')
#1 /home/genurgvd/trademagoptions.online/system/Autoloader/Autoloader.php(228): CodeIgniter\Autoloader\Autoloader->loadInNamespace('App\\Libraries\\A...')
#2 [internal function]: CodeIgniter\Autoloader\Autoloader->loadClass('App\\Libraries\\A...')
#3 /home/genurgvd/trademagoptions.online/app/Controllers/Auth.php(16): spl_autoload_call('App\\Libraries\\A...')
#4 /home/genurgvd/trademagoptions.online/system/CodeIgniter.php(908): App\Controllers\Auth->__construct()
#5 /home/genurgvd/trademagoptions.online/system/CodeIgniter.php(422): CodeIgniter\CodeIgniter->createController()
#6 /home/genurgvd/trademagoptions.online/system/CodeIgniter.php(333): CodeIgniter\CodeIgniter->handleRequest(NULL, Object(Config\Cache), false)
#7 /home/genurgvd/trademagoptions.online/index.php(44): CodeIgniter\CodeIgniter->run()
#8 {main}
CRITICAL - 2021-05-08 16:07:50 --> syntax error, unexpected '->' (T_OBJECT_OPERATOR)
#0 /home/genurgvd/trademagoptions.online/system/Autoloader/Autoloader.php(265): CodeIgniter\Autoloader\Autoloader->includeFile('/home/genurgvd/...')
#1 /home/genurgvd/trademagoptions.online/system/Autoloader/Autoloader.php(228): CodeIgniter\Autoloader\Autoloader->loadInNamespace('App\\Libraries\\A...')
#2 [internal function]: CodeIgniter\Autoloader\Autoloader->loadClass('App\\Libraries\\A...')
#3 /home/genurgvd/trademagoptions.online/app/Controllers/Auth.php(16): spl_autoload_call('App\\Libraries\\A...')
#4 /home/genurgvd/trademagoptions.online/system/CodeIgniter.php(908): App\Controllers\Auth->__construct()
#5 /home/genurgvd/trademagoptions.online/system/CodeIgniter.php(422): CodeIgniter\CodeIgniter->createController()
#6 /home/genurgvd/trademagoptions.online/system/CodeIgniter.php(333): CodeIgniter\CodeIgniter->handleRequest(NULL, Object(Config\Cache), false)
#7 /home/genurgvd/trademagoptions.online/index.php(44): CodeIgniter\CodeIgniter->run()
#8 {main}
CRITICAL - 2021-05-08 16:09:31 --> syntax error, unexpected '->' (T_OBJECT_OPERATOR)
#0 /home/genurgvd/trademagoptions.online/system/Autoloader/Autoloader.php(265): CodeIgniter\Autoloader\Autoloader->includeFile('/home/genurgvd/...')
#1 /home/genurgvd/trademagoptions.online/system/Autoloader/Autoloader.php(228): CodeIgniter\Autoloader\Autoloader->loadInNamespace('App\\Libraries\\A...')
#2 [internal function]: CodeIgniter\Autoloader\Autoloader->loadClass('App\\Libraries\\A...')
#3 /home/genurgvd/trademagoptions.online/app/Controllers/Auth.php(16): spl_autoload_call('App\\Libraries\\A...')
#4 /home/genurgvd/trademagoptions.online/system/CodeIgniter.php(908): App\Controllers\Auth->__construct()
#5 /home/genurgvd/trademagoptions.online/system/CodeIgniter.php(422): CodeIgniter\CodeIgniter->createController()
#6 /home/genurgvd/trademagoptions.online/system/CodeIgniter.php(333): CodeIgniter\CodeIgniter->handleRequest(NULL, Object(Config\Cache), false)
#7 /home/genurgvd/trademagoptions.online/index.php(44): CodeIgniter\CodeIgniter->run()
#8 {main}
CRITICAL - 2021-05-08 16:09:50 --> Call to undefined function App\Libraries\response()
#0 /home/genurgvd/trademagoptions.online/app/Controllers/Auth.php(23): App\Libraries\App_services->getCountries()
#1 /home/genurgvd/trademagoptions.online/system/CodeIgniter.php(936): App\Controllers\Auth->register()
#2 /home/genurgvd/trademagoptions.online/system/CodeIgniter.php(432): CodeIgniter\CodeIgniter->runController(Object(App\Controllers\Auth))
#3 /home/genurgvd/trademagoptions.online/system/CodeIgniter.php(333): CodeIgniter\CodeIgniter->handleRequest(NULL, Object(Config\Cache), false)
#4 /home/genurgvd/trademagoptions.online/index.php(44): CodeIgniter\CodeIgniter->run()
#5 {main}
CRITICAL - 2021-05-08 16:19:17 --> syntax error, unexpected 'return' (T_RETURN)
#0 /home/genurgvd/trademagoptions.online/system/Autoloader/Autoloader.php(265): CodeIgniter\Autoloader\Autoloader->includeFile('/home/genurgvd/...')
#1 /home/genurgvd/trademagoptions.online/system/Autoloader/Autoloader.php(228): CodeIgniter\Autoloader\Autoloader->loadInNamespace('App\\Libraries\\A...')
#2 [internal function]: CodeIgniter\Autoloader\Autoloader->loadClass('App\\Libraries\\A...')
#3 /home/genurgvd/trademagoptions.online/app/Controllers/Auth.php(16): spl_autoload_call('App\\Libraries\\A...')
#4 /home/genurgvd/trademagoptions.online/system/CodeIgniter.php(908): App\Controllers\Auth->__construct()
#5 /home/genurgvd/trademagoptions.online/system/CodeIgniter.php(422): CodeIgniter\CodeIgniter->createController()
#6 /home/genurgvd/trademagoptions.online/system/CodeIgniter.php(333): CodeIgniter\CodeIgniter->handleRequest(NULL, Object(Config\Cache), false)
#7 /home/genurgvd/trademagoptions.online/index.php(44): CodeIgniter\CodeIgniter->run()
#8 {main}
CRITICAL - 2021-05-08 16:19:38 --> syntax error, unexpected 'return' (T_RETURN)
#0 /home/genurgvd/trademagoptions.online/system/Autoloader/Autoloader.php(265): CodeIgniter\Autoloader\Autoloader->includeFile('/home/genurgvd/...')
#1 /home/genurgvd/trademagoptions.online/system/Autoloader/Autoloader.php(228): CodeIgniter\Autoloader\Autoloader->loadInNamespace('App\\Libraries\\A...')
#2 [internal function]: CodeIgniter\Autoloader\Autoloader->loadClass('App\\Libraries\\A...')
#3 /home/genurgvd/trademagoptions.online/app/Controllers/Auth.php(16): spl_autoload_call('App\\Libraries\\A...')
#4 /home/genurgvd/trademagoptions.online/system/CodeIgniter.php(908): App\Controllers\Auth->__construct()
#5 /home/genurgvd/trademagoptions.online/system/CodeIgniter.php(422): CodeIgniter\CodeIgniter->createController()
#6 /home/genurgvd/trademagoptions.online/system/CodeIgniter.php(333): CodeIgniter\CodeIgniter->handleRequest(NULL, Object(Config\Cache), false)
#7 /home/genurgvd/trademagoptions.online/index.php(44): CodeIgniter\CodeIgniter->run()
#8 {main}
CRITICAL - 2021-05-08 16:23:11 --> Trying to get property 'name' of non-object
#0 /home/genurgvd/trademagoptions.online/app/Views/landing/register.php(148): CodeIgniter\Debug\Exceptions->errorHandler(8, 'Trying to get p...', '/home/genurgvd/...', 148, Array)
#1 /home/genurgvd/trademagoptions.online/system/View/View.php(220): include('/home/genurgvd/...')
#2 /home/genurgvd/trademagoptions.online/system/View/View.php(222): CodeIgniter\View\View->CodeIgniter\View\{closure}()
#3 /home/genurgvd/trademagoptions.online/system/Common.php(1217): CodeIgniter\View\View->render('landing/registe...', Array, true)
#4 /home/genurgvd/trademagoptions.online/app/Controllers/Auth.php(27): view('landing/registe...', Array)
#5 /home/genurgvd/trademagoptions.online/system/CodeIgniter.php(936): App\Controllers\Auth->register()
#6 /home/genurgvd/trademagoptions.online/system/CodeIgniter.php(432): CodeIgniter\CodeIgniter->runController(Object(App\Controllers\Auth))
#7 /home/genurgvd/trademagoptions.online/system/CodeIgniter.php(333): CodeIgniter\CodeIgniter->handleRequest(NULL, Object(Config\Cache), false)
#8 /home/genurgvd/trademagoptions.online/index.php(44): CodeIgniter\CodeIgniter->run()
#9 {main}
CRITICAL - 2021-05-08 16:25:04 --> Trying to get property 'result' of non-object
#0 /home/genurgvd/trademagoptions.online/app/Libraries/App_services.php(27): CodeIgniter\Debug\Exceptions->errorHandler(8, 'Trying to get p...', '/home/genurgvd/...', 27, Array)
#1 /home/genurgvd/trademagoptions.online/app/Controllers/Auth.php(23): App\Libraries\App_services->getCountries()
#2 /home/genurgvd/trademagoptions.online/system/CodeIgniter.php(936): App\Controllers\Auth->register()
#3 /home/genurgvd/trademagoptions.online/system/CodeIgniter.php(432): CodeIgniter\CodeIgniter->runController(Object(App\Controllers\Auth))
#4 /home/genurgvd/trademagoptions.online/system/CodeIgniter.php(333): CodeIgniter\CodeIgniter->handleRequest(NULL, Object(Config\Cache), false)
#5 /home/genurgvd/trademagoptions.online/index.php(44): CodeIgniter\CodeIgniter->run()
#6 {main}
CRITICAL - 2021-05-08 16:26:56 --> Illegal string offset 'result'
#0 /home/genurgvd/trademagoptions.online/app/Libraries/App_services.php(27): CodeIgniter\Debug\Exceptions->errorHandler(2, 'Illegal string ...', '/home/genurgvd/...', 27, Array)
#1 /home/genurgvd/trademagoptions.online/app/Controllers/Auth.php(23): App\Libraries\App_services->getCountries()
#2 /home/genurgvd/trademagoptions.online/system/CodeIgniter.php(936): App\Controllers\Auth->register()
#3 /home/genurgvd/trademagoptions.online/system/CodeIgniter.php(432): CodeIgniter\CodeIgniter->runController(Object(App\Controllers\Auth))
#4 /home/genurgvd/trademagoptions.online/system/CodeIgniter.php(333): CodeIgniter\CodeIgniter->handleRequest(NULL, Object(Config\Cache), false)
#5 /home/genurgvd/trademagoptions.online/index.php(44): CodeIgniter\CodeIgniter->run()
#6 {main}
CRITICAL - 2021-05-08 16:27:11 --> Trying to get property 'result' of non-object
#0 /home/genurgvd/trademagoptions.online/app/Libraries/App_services.php(27): CodeIgniter\Debug\Exceptions->errorHandler(8, 'Trying to get p...', '/home/genurgvd/...', 27, Array)
#1 /home/genurgvd/trademagoptions.online/app/Controllers/Auth.php(23): App\Libraries\App_services->getCountries()
#2 /home/genurgvd/trademagoptions.online/system/CodeIgniter.php(936): App\Controllers\Auth->register()
#3 /home/genurgvd/trademagoptions.online/system/CodeIgniter.php(432): CodeIgniter\CodeIgniter->runController(Object(App\Controllers\Auth))
#4 /home/genurgvd/trademagoptions.online/system/CodeIgniter.php(333): CodeIgniter\CodeIgniter->handleRequest(NULL, Object(Config\Cache), false)
#5 /home/genurgvd/trademagoptions.online/index.php(44): CodeIgniter\CodeIgniter->run()
#6 {main}
CRITICAL - 2021-05-08 16:28:16 --> syntax error, unexpected 'json_decode' (T_STRING)
#0 /home/genurgvd/trademagoptions.online/system/Autoloader/Autoloader.php(265): CodeIgniter\Autoloader\Autoloader->includeFile('/home/genurgvd/...')
#1 /home/genurgvd/trademagoptions.online/system/Autoloader/Autoloader.php(228): CodeIgniter\Autoloader\Autoloader->loadInNamespace('App\\Libraries\\A...')
#2 [internal function]: CodeIgniter\Autoloader\Autoloader->loadClass('App\\Libraries\\A...')
#3 /home/genurgvd/trademagoptions.online/app/Controllers/Auth.php(16): spl_autoload_call('App\\Libraries\\A...')
#4 /home/genurgvd/trademagoptions.online/system/CodeIgniter.php(908): App\Controllers\Auth->__construct()
#5 /home/genurgvd/trademagoptions.online/system/CodeIgniter.php(422): CodeIgniter\CodeIgniter->createController()
#6 /home/genurgvd/trademagoptions.online/system/CodeIgniter.php(333): CodeIgniter\CodeIgniter->handleRequest(NULL, Object(Config\Cache), false)
#7 /home/genurgvd/trademagoptions.online/index.php(44): CodeIgniter\CodeIgniter->run()
#8 {main}
CRITICAL - 2021-05-08 16:30:32 --> Undefined variable: response
#0 /home/genurgvd/trademagoptions.online/app/Libraries/App_services.php(26): CodeIgniter\Debug\Exceptions->errorHandler(8, 'Undefined varia...', '/home/genurgvd/...', 26, Array)
#1 /home/genurgvd/trademagoptions.online/app/Controllers/Auth.php(23): App\Libraries\App_services->getCountries()
#2 /home/genurgvd/trademagoptions.online/system/CodeIgniter.php(936): App\Controllers\Auth->register()
#3 /home/genurgvd/trademagoptions.online/system/CodeIgniter.php(432): CodeIgniter\CodeIgniter->runController(Object(App\Controllers\Auth))
#4 /home/genurgvd/trademagoptions.online/system/CodeIgniter.php(333): CodeIgniter\CodeIgniter->handleRequest(NULL, Object(Config\Cache), false)
#5 /home/genurgvd/trademagoptions.online/index.php(44): CodeIgniter\CodeIgniter->run()
#6 {main}
CRITICAL - 2021-05-08 16:31:24 --> syntax error, unexpected end of file, expecting function (T_FUNCTION) or const (T_CONST)
#0 /home/genurgvd/trademagoptions.online/system/Autoloader/Autoloader.php(265): CodeIgniter\Autoloader\Autoloader->includeFile('/home/genurgvd/...')
#1 /home/genurgvd/trademagoptions.online/system/Autoloader/Autoloader.php(228): CodeIgniter\Autoloader\Autoloader->loadInNamespace('App\\Libraries\\A...')
#2 [internal function]: CodeIgniter\Autoloader\Autoloader->loadClass('App\\Libraries\\A...')
#3 /home/genurgvd/trademagoptions.online/app/Controllers/Auth.php(16): spl_autoload_call('App\\Libraries\\A...')
#4 /home/genurgvd/trademagoptions.online/system/CodeIgniter.php(908): App\Controllers\Auth->__construct()
#5 /home/genurgvd/trademagoptions.online/system/CodeIgniter.php(422): CodeIgniter\CodeIgniter->createController()
#6 /home/genurgvd/trademagoptions.online/system/CodeIgniter.php(333): CodeIgniter\CodeIgniter->handleRequest(NULL, Object(Config\Cache), false)
#7 /home/genurgvd/trademagoptions.online/index.php(44): CodeIgniter\CodeIgniter->run()
#8 {main}
