CRITICAL - 2021-08-30 01:33:47 --> Undefined variable $page_title
#0 C:\xampp\htdocs\tony3\app\Views\user\layouts\default.php(122): CodeIgniter\Debug\Exceptions->errorHandler(2, 'Undefined varia...', 'C:\\xampp\\htdocs...', 122)
#1 C:\xampp\htdocs\tony3\system\View\View.php(220): include('C:\\xampp\\htdocs...')
#2 C:\xampp\htdocs\tony3\system\View\View.php(222): CodeIgniter\View\View->CodeIgniter\View\{closure}()
#3 C:\xampp\htdocs\tony3\system\View\View.php(236): CodeIgniter\View\View->render('user/layouts/de...', Array, true)
#4 C:\xampp\htdocs\tony3\system\Common.php(1217): CodeIgniter\View\View->render('user/profile', Array, true)
#5 C:\xampp\htdocs\tony3\app\Controllers\Users.php(192): view('user/profile', Array)
#6 C:\xampp\htdocs\tony3\system\CodeIgniter.php(936): App\Controllers\Users->profile()
#7 C:\xampp\htdocs\tony3\system\CodeIgniter.php(432): CodeIgniter\CodeIgniter->runController(Object(App\Controllers\Users))
#8 C:\xampp\htdocs\tony3\system\CodeIgniter.php(333): CodeIgniter\CodeIgniter->handleRequest(NULL, Object(Config\Cache), false)
#9 C:\xampp\htdocs\tony3\index.php(44): CodeIgniter\CodeIgniter->run()
#10 {main}
CRITICAL - 2021-08-30 01:46:16 --> 6 : Could not resolve host: api.printful.com
#0 C:\xampp\htdocs\tony3\system\HTTP\CURLRequest.php(805): CodeIgniter\HTTP\Exceptions\HTTPException::forCurlError('6', 'Could not resol...')
#1 C:\xampp\htdocs\tony3\system\HTTP\CURLRequest.php(418): CodeIgniter\HTTP\CURLRequest->sendRequest(Array)
#2 C:\xampp\htdocs\tony3\system\HTTP\CURLRequest.php(127): CodeIgniter\HTTP\CURLRequest->send('GET', 'https://api.pri...')
#3 C:\xampp\htdocs\tony3\app\Libraries\App_services.php(25): CodeIgniter\HTTP\CURLRequest->request('GET', 'https://api.pri...')
#4 C:\xampp\htdocs\tony3\app\Controllers\Users.php(151): App\Libraries\App_services->getCountries()
#5 C:\xampp\htdocs\tony3\system\CodeIgniter.php(936): App\Controllers\Users->profile()
#6 C:\xampp\htdocs\tony3\system\CodeIgniter.php(432): CodeIgniter\CodeIgniter->runController(Object(App\Controllers\Users))
#7 C:\xampp\htdocs\tony3\system\CodeIgniter.php(333): CodeIgniter\CodeIgniter->handleRequest(NULL, Object(Config\Cache), false)
#8 C:\xampp\htdocs\tony3\index.php(44): CodeIgniter\CodeIgniter->run()
#9 {main}
CRITICAL - 2021-08-30 02:24:57 --> count(): Argument #1 ($var) must be of type Countable|array, null given
#0 C:\xampp\htdocs\tony3\system\View\View.php(220): include()
#1 C:\xampp\htdocs\tony3\system\View\View.php(222): CodeIgniter\View\View->CodeIgniter\View\{closure}()
#2 C:\xampp\htdocs\tony3\system\Common.php(1217): CodeIgniter\View\View->render('admins/index', Array, true)
#3 C:\xampp\htdocs\tony3\app\Controllers\Admin.php(52): view('admins/index', Array)
#4 C:\xampp\htdocs\tony3\system\CodeIgniter.php(936): App\Controllers\Admin->index()
#5 C:\xampp\htdocs\tony3\system\CodeIgniter.php(432): CodeIgniter\CodeIgniter->runController(Object(App\Controllers\Admin))
#6 C:\xampp\htdocs\tony3\system\CodeIgniter.php(333): CodeIgniter\CodeIgniter->handleRequest(NULL, Object(Config\Cache), false)
#7 C:\xampp\htdocs\tony3\index.php(44): CodeIgniter\CodeIgniter->run()
#8 {main}
CRITICAL - 2021-08-30 15:09:34 --> Trying to access array offset on value of type null
#0 C:\xampp\htdocs\tony3\app\Controllers\Admin.php(25): CodeIgniter\Debug\Exceptions->errorHandler(2, 'Trying to acces...', 'C:\\xampp\\htdocs...', 25)
#1 C:\xampp\htdocs\tony3\system\CodeIgniter.php(936): App\Controllers\Admin->index()
#2 C:\xampp\htdocs\tony3\system\CodeIgniter.php(432): CodeIgniter\CodeIgniter->runController(Object(App\Controllers\Admin))
#3 C:\xampp\htdocs\tony3\system\CodeIgniter.php(333): CodeIgniter\CodeIgniter->handleRequest(NULL, Object(Config\Cache), false)
#4 C:\xampp\htdocs\tony3\index.php(44): CodeIgniter\CodeIgniter->run()
#5 {main}
CRITICAL - 2021-08-30 19:05:57 --> Undefined variable $page_title
#0 C:\xampp\htdocs\tony3\app\Views\user\layouts\default.php(122): CodeIgniter\Debug\Exceptions->errorHandler(2, 'Undefined varia...', 'C:\\xampp\\htdocs...', 122)
#1 C:\xampp\htdocs\tony3\system\View\View.php(220): include('C:\\xampp\\htdocs...')
#2 C:\xampp\htdocs\tony3\system\View\View.php(222): CodeIgniter\View\View->CodeIgniter\View\{closure}()
#3 C:\xampp\htdocs\tony3\system\View\View.php(236): CodeIgniter\View\View->render('user/layouts/de...', Array, true)
#4 C:\xampp\htdocs\tony3\system\Common.php(1217): CodeIgniter\View\View->render('admins/users', Array, true)
#5 C:\xampp\htdocs\tony3\app\Controllers\Admin.php(121): view('admins/users', Array)
#6 C:\xampp\htdocs\tony3\system\CodeIgniter.php(936): App\Controllers\Admin->users()
#7 C:\xampp\htdocs\tony3\system\CodeIgniter.php(432): CodeIgniter\CodeIgniter->runController(Object(App\Controllers\Admin))
#8 C:\xampp\htdocs\tony3\system\CodeIgniter.php(333): CodeIgniter\CodeIgniter->handleRequest(NULL, Object(Config\Cache), false)
#9 C:\xampp\htdocs\tony3\index.php(44): CodeIgniter\CodeIgniter->run()
#10 {main}
CRITICAL - 2021-08-30 20:20:11 --> Undefined variable $page_title
#0 C:\xampp\htdocs\tony3\app\Views\Admins\layouts\default.php(160): CodeIgniter\Debug\Exceptions->errorHandler(2, 'Undefined varia...', 'C:\\xampp\\htdocs...', 160)
#1 C:\xampp\htdocs\tony3\system\View\View.php(220): include('C:\\xampp\\htdocs...')
#2 C:\xampp\htdocs\tony3\system\View\View.php(222): CodeIgniter\View\View->CodeIgniter\View\{closure}()
#3 C:\xampp\htdocs\tony3\system\View\View.php(236): CodeIgniter\View\View->render('admins/layouts/...', Array, true)
#4 C:\xampp\htdocs\tony3\system\Common.php(1217): CodeIgniter\View\View->render('admins/pendingD...', Array, true)
#5 C:\xampp\htdocs\tony3\app\Controllers\Admin.php(352): view('admins/pendingD...', Array)
#6 C:\xampp\htdocs\tony3\system\CodeIgniter.php(936): App\Controllers\Admin->pendingDeposit()
#7 C:\xampp\htdocs\tony3\system\CodeIgniter.php(432): CodeIgniter\CodeIgniter->runController(Object(App\Controllers\Admin))
#8 C:\xampp\htdocs\tony3\system\CodeIgniter.php(333): CodeIgniter\CodeIgniter->handleRequest(NULL, Object(Config\Cache), false)
#9 C:\xampp\htdocs\tony3\index.php(44): CodeIgniter\CodeIgniter->run()
#10 {main}
CRITICAL - 2021-08-30 20:24:51 --> Undefined variable $deactivatedAcct
#0 C:\xampp\htdocs\tony3\app\Views\Admins\declinedWithdrawal.php(25): CodeIgniter\Debug\Exceptions->errorHandler(2, 'Undefined varia...', 'C:\\xampp\\htdocs...', 25)
#1 C:\xampp\htdocs\tony3\system\View\View.php(220): include('C:\\xampp\\htdocs...')
#2 C:\xampp\htdocs\tony3\system\View\View.php(222): CodeIgniter\View\View->CodeIgniter\View\{closure}()
#3 C:\xampp\htdocs\tony3\system\Common.php(1217): CodeIgniter\View\View->render('admins/declined...', Array, true)
#4 C:\xampp\htdocs\tony3\app\Controllers\Admin.php(470): view('admins/declined...', Array)
#5 C:\xampp\htdocs\tony3\system\CodeIgniter.php(936): App\Controllers\Admin->declinedWithdrawal()
#6 C:\xampp\htdocs\tony3\system\CodeIgniter.php(432): CodeIgniter\CodeIgniter->runController(Object(App\Controllers\Admin))
#7 C:\xampp\htdocs\tony3\system\CodeIgniter.php(333): CodeIgniter\CodeIgniter->handleRequest(NULL, Object(Config\Cache), false)
#8 C:\xampp\htdocs\tony3\index.php(44): CodeIgniter\CodeIgniter->run()
#9 {main}
CRITICAL - 2021-08-30 20:29:23 --> Undefined variable $page_title
#0 C:\xampp\htdocs\tony3\app\Views\Admins\layouts\default.php(160): CodeIgniter\Debug\Exceptions->errorHandler(2, 'Undefined varia...', 'C:\\xampp\\htdocs...', 160)
#1 C:\xampp\htdocs\tony3\system\View\View.php(220): include('C:\\xampp\\htdocs...')
#2 C:\xampp\htdocs\tony3\system\View\View.php(222): CodeIgniter\View\View->CodeIgniter\View\{closure}()
#3 C:\xampp\htdocs\tony3\system\View\View.php(236): CodeIgniter\View\View->render('admins/layouts/...', Array, true)
#4 C:\xampp\htdocs\tony3\system\Common.php(1217): CodeIgniter\View\View->render('admins/pendingD...', Array, true)
#5 C:\xampp\htdocs\tony3\app\Controllers\Admin.php(352): view('admins/pendingD...', Array)
#6 C:\xampp\htdocs\tony3\system\CodeIgniter.php(936): App\Controllers\Admin->pendingDeposit()
#7 C:\xampp\htdocs\tony3\system\CodeIgniter.php(432): CodeIgniter\CodeIgniter->runController(Object(App\Controllers\Admin))
#8 C:\xampp\htdocs\tony3\system\CodeIgniter.php(333): CodeIgniter\CodeIgniter->handleRequest(NULL, Object(Config\Cache), false)
#9 C:\xampp\htdocs\tony3\index.php(44): CodeIgniter\CodeIgniter->run()
#10 {main}
CRITICAL - 2021-08-30 20:52:01 --> Undefined variable $page_title
#0 C:\xampp\htdocs\tony3\app\Views\Admins\layouts\default.php(160): CodeIgniter\Debug\Exceptions->errorHandler(2, 'Undefined varia...', 'C:\\xampp\\htdocs...', 160)
#1 C:\xampp\htdocs\tony3\system\View\View.php(220): include('C:\\xampp\\htdocs...')
#2 C:\xampp\htdocs\tony3\system\View\View.php(222): CodeIgniter\View\View->CodeIgniter\View\{closure}()
#3 C:\xampp\htdocs\tony3\system\View\View.php(236): CodeIgniter\View\View->render('admins/layouts/...', Array, true)
#4 C:\xampp\htdocs\tony3\system\Common.php(1217): CodeIgniter\View\View->render('admins/settings', Array, true)
#5 C:\xampp\htdocs\tony3\app\Controllers\Admin.php(550): view('admins/settings', Array)
#6 C:\xampp\htdocs\tony3\system\CodeIgniter.php(936): App\Controllers\Admin->settings()
#7 C:\xampp\htdocs\tony3\system\CodeIgniter.php(432): CodeIgniter\CodeIgniter->runController(Object(App\Controllers\Admin))
#8 C:\xampp\htdocs\tony3\system\CodeIgniter.php(333): CodeIgniter\CodeIgniter->handleRequest(NULL, Object(Config\Cache), false)
#9 C:\xampp\htdocs\tony3\index.php(44): CodeIgniter\CodeIgniter->run()
#10 {main}
CRITICAL - 2021-08-30 21:12:20 --> 6 : Could not resolve host: api.printful.com
#0 C:\xampp\htdocs\tony3\system\HTTP\CURLRequest.php(805): CodeIgniter\HTTP\Exceptions\HTTPException::forCurlError('6', 'Could not resol...')
#1 C:\xampp\htdocs\tony3\system\HTTP\CURLRequest.php(418): CodeIgniter\HTTP\CURLRequest->sendRequest(Array)
#2 C:\xampp\htdocs\tony3\system\HTTP\CURLRequest.php(127): CodeIgniter\HTTP\CURLRequest->send('GET', 'https://api.pri...')
#3 C:\xampp\htdocs\tony3\app\Libraries\App_services.php(25): CodeIgniter\HTTP\CURLRequest->request('GET', 'https://api.pri...')
#4 C:\xampp\htdocs\tony3\app\Controllers\Admin.php(251): App\Libraries\App_services->getCountries()
#5 C:\xampp\htdocs\tony3\system\CodeIgniter.php(936): App\Controllers\Admin->pendingWithdrawal()
#6 C:\xampp\htdocs\tony3\system\CodeIgniter.php(432): CodeIgniter\CodeIgniter->runController(Object(App\Controllers\Admin))
#7 C:\xampp\htdocs\tony3\system\CodeIgniter.php(333): CodeIgniter\CodeIgniter->handleRequest(NULL, Object(Config\Cache), false)
#8 C:\xampp\htdocs\tony3\index.php(44): CodeIgniter\CodeIgniter->run()
#9 {main}
CRITICAL - 2021-08-30 21:27:13 --> 6 : Could not resolve host: api.printful.com
#0 C:\xampp\htdocs\tony3\system\HTTP\CURLRequest.php(805): CodeIgniter\HTTP\Exceptions\HTTPException::forCurlError('6', 'Could not resol...')
#1 C:\xampp\htdocs\tony3\system\HTTP\CURLRequest.php(418): CodeIgniter\HTTP\CURLRequest->sendRequest(Array)
#2 C:\xampp\htdocs\tony3\system\HTTP\CURLRequest.php(127): CodeIgniter\HTTP\CURLRequest->send('GET', 'https://api.pri...')
#3 C:\xampp\htdocs\tony3\app\Libraries\App_services.php(25): CodeIgniter\HTTP\CURLRequest->request('GET', 'https://api.pri...')
#4 C:\xampp\htdocs\tony3\app\Controllers\Auth.php(27): App\Libraries\App_services->getCountries()
#5 C:\xampp\htdocs\tony3\system\CodeIgniter.php(936): App\Controllers\Auth->register()
#6 C:\xampp\htdocs\tony3\system\CodeIgniter.php(432): CodeIgniter\CodeIgniter->runController(Object(App\Controllers\Auth))
#7 C:\xampp\htdocs\tony3\system\CodeIgniter.php(333): CodeIgniter\CodeIgniter->handleRequest(NULL, Object(Config\Cache), false)
#8 C:\xampp\htdocs\tony3\index.php(44): CodeIgniter\CodeIgniter->run()
#9 {main}
CRITICAL - 2021-08-30 22:18:31 --> 6 : Could not resolve host: api.printful.com
#0 C:\xampp\htdocs\tony3\system\HTTP\CURLRequest.php(805): CodeIgniter\HTTP\Exceptions\HTTPException::forCurlError('6', 'Could not resol...')
#1 C:\xampp\htdocs\tony3\system\HTTP\CURLRequest.php(418): CodeIgniter\HTTP\CURLRequest->sendRequest(Array)
#2 C:\xampp\htdocs\tony3\system\HTTP\CURLRequest.php(127): CodeIgniter\HTTP\CURLRequest->send('GET', 'https://api.pri...')
#3 C:\xampp\htdocs\tony3\app\Libraries\App_services.php(25): CodeIgniter\HTTP\CURLRequest->request('GET', 'https://api.pri...')
#4 C:\xampp\htdocs\tony3\app\Controllers\Auth.php(27): App\Libraries\App_services->getCountries()
#5 C:\xampp\htdocs\tony3\system\CodeIgniter.php(936): App\Controllers\Auth->register()
#6 C:\xampp\htdocs\tony3\system\CodeIgniter.php(432): CodeIgniter\CodeIgniter->runController(Object(App\Controllers\Auth))
#7 C:\xampp\htdocs\tony3\system\CodeIgniter.php(333): CodeIgniter\CodeIgniter->handleRequest(NULL, Object(Config\Cache), false)
#8 C:\xampp\htdocs\tony3\index.php(44): CodeIgniter\CodeIgniter->run()
#9 {main}
CRITICAL - 2021-08-30 22:18:57 --> Trying to access array offset on value of type null
#0 C:\xampp\htdocs\tony3\app\Controllers\Admin.php(348): CodeIgniter\Debug\Exceptions->errorHandler(2, 'Trying to acces...', 'C:\\xampp\\htdocs...', 348)
#1 C:\xampp\htdocs\tony3\system\CodeIgniter.php(936): App\Controllers\Admin->pendingDeposit()
#2 C:\xampp\htdocs\tony3\system\CodeIgniter.php(432): CodeIgniter\CodeIgniter->runController(Object(App\Controllers\Admin))
#3 C:\xampp\htdocs\tony3\system\CodeIgniter.php(333): CodeIgniter\CodeIgniter->handleRequest(NULL, Object(Config\Cache), false)
#4 C:\xampp\htdocs\tony3\index.php(44): CodeIgniter\CodeIgniter->run()
#5 {main}
CRITICAL - 2021-08-30 22:37:27 --> Trying to access array offset on value of type null
#0 C:\xampp\htdocs\tony3\app\Controllers\Admin.php(348): CodeIgniter\Debug\Exceptions->errorHandler(2, 'Trying to acces...', 'C:\\xampp\\htdocs...', 348)
#1 C:\xampp\htdocs\tony3\system\CodeIgniter.php(936): App\Controllers\Admin->pendingDeposit()
#2 C:\xampp\htdocs\tony3\system\CodeIgniter.php(432): CodeIgniter\CodeIgniter->runController(Object(App\Controllers\Admin))
#3 C:\xampp\htdocs\tony3\system\CodeIgniter.php(333): CodeIgniter\CodeIgniter->handleRequest(NULL, Object(Config\Cache), false)
#4 C:\xampp\htdocs\tony3\index.php(44): CodeIgniter\CodeIgniter->run()
#5 {main}
CRITICAL - 2021-08-30 22:37:29 --> Trying to access array offset on value of type null
#0 C:\xampp\htdocs\tony3\app\Controllers\Admin.php(348): CodeIgniter\Debug\Exceptions->errorHandler(2, 'Trying to acces...', 'C:\\xampp\\htdocs...', 348)
#1 C:\xampp\htdocs\tony3\system\CodeIgniter.php(936): App\Controllers\Admin->pendingDeposit()
#2 C:\xampp\htdocs\tony3\system\CodeIgniter.php(432): CodeIgniter\CodeIgniter->runController(Object(App\Controllers\Admin))
#3 C:\xampp\htdocs\tony3\system\CodeIgniter.php(333): CodeIgniter\CodeIgniter->handleRequest(NULL, Object(Config\Cache), false)
#4 C:\xampp\htdocs\tony3\index.php(44): CodeIgniter\CodeIgniter->run()
#5 {main}
CRITICAL - 2021-08-30 22:37:43 --> Trying to access array offset on value of type null
#0 C:\xampp\htdocs\tony3\app\Controllers\Admin.php(25): CodeIgniter\Debug\Exceptions->errorHandler(2, 'Trying to acces...', 'C:\\xampp\\htdocs...', 25)
#1 C:\xampp\htdocs\tony3\system\CodeIgniter.php(936): App\Controllers\Admin->index()
#2 C:\xampp\htdocs\tony3\system\CodeIgniter.php(432): CodeIgniter\CodeIgniter->runController(Object(App\Controllers\Admin))
#3 C:\xampp\htdocs\tony3\system\CodeIgniter.php(333): CodeIgniter\CodeIgniter->handleRequest(NULL, Object(Config\Cache), false)
#4 C:\xampp\htdocs\tony3\index.php(44): CodeIgniter\CodeIgniter->run()
#5 {main}
CRITICAL - 2021-08-30 22:37:47 --> Trying to access array offset on value of type null
#0 C:\xampp\htdocs\tony3\app\Controllers\Admin.php(348): CodeIgniter\Debug\Exceptions->errorHandler(2, 'Trying to acces...', 'C:\\xampp\\htdocs...', 348)
#1 C:\xampp\htdocs\tony3\system\CodeIgniter.php(936): App\Controllers\Admin->pendingDeposit()
#2 C:\xampp\htdocs\tony3\system\CodeIgniter.php(432): CodeIgniter\CodeIgniter->runController(Object(App\Controllers\Admin))
#3 C:\xampp\htdocs\tony3\system\CodeIgniter.php(333): CodeIgniter\CodeIgniter->handleRequest(NULL, Object(Config\Cache), false)
#4 C:\xampp\htdocs\tony3\index.php(44): CodeIgniter\CodeIgniter->run()
#5 {main}
