ERROR - 2021-06-03 11:35:46 --> Error connecting to the database: Too many connections
CRITICAL - 2021-06-03 11:35:46 --> Unable to connect to the database.
#0 /home/genurgvd/trademagoptions.online/system/Database/BaseConnection.php(618): CodeIgniter\Database\BaseConnection->initialize()
#1 /home/genurgvd/trademagoptions.online/system/Database/BaseBuilder.php(1866): CodeIgniter\Database\BaseConnection->query('SELECT 1\nFROM `...', Array, false)
#2 /home/genurgvd/trademagoptions.online/system/Validation/Rules.php(212): CodeIgniter\Database\BaseBuilder->get()
#3 /home/genurgvd/trademagoptions.online/system/Validation/Validation.php(306): CodeIgniter\Validation\Rules->is_unique('alexodell127@gm...', 'email', Array, NULL)
#4 /home/genurgvd/trademagoptions.online/system/Validation/Validation.php(164): CodeIgniter\Validation\Validation->processRules('email', 'email', 'alexodell127@gm...', Array, Array)
#5 /home/genurgvd/trademagoptions.online/system/Controller.php(181): CodeIgniter\Validation\Validation->run()
#6 /home/genurgvd/trademagoptions.online/app/Controllers/Auth.php(42): CodeIgniter\Controller->validate(Array)
#7 /home/genurgvd/trademagoptions.online/system/CodeIgniter.php(936): App\Controllers\Auth->register()
#8 /home/genurgvd/trademagoptions.online/system/CodeIgniter.php(432): CodeIgniter\CodeIgniter->runController(Object(App\Controllers\Auth))
#9 /home/genurgvd/trademagoptions.online/system/CodeIgniter.php(333): CodeIgniter\CodeIgniter->handleRequest(NULL, Object(Config\Cache), false)
#10 /home/genurgvd/trademagoptions.online/index.php(44): CodeIgniter\CodeIgniter->run()
#11 {main}
ERROR - 2021-06-03 11:43:52 --> Error connecting to the database: Too many connections
CRITICAL - 2021-06-03 11:43:52 --> Unable to connect to the database.
#0 /home/genurgvd/trademagoptions.online/system/Database/BaseConnection.php(618): CodeIgniter\Database\BaseConnection->initialize()
#1 /home/genurgvd/trademagoptions.online/system/Database/BaseBuilder.php(1866): CodeIgniter\Database\BaseConnection->query('SELECT 1\nFROM `...', Array, false)
#2 /home/genurgvd/trademagoptions.online/system/Validation/Rules.php(212): CodeIgniter\Database\BaseBuilder->get()
#3 /home/genurgvd/trademagoptions.online/system/Validation/Validation.php(306): CodeIgniter\Validation\Rules->is_unique('alexodell127@gm...', 'email', Array, NULL)
#4 /home/genurgvd/trademagoptions.online/system/Validation/Validation.php(164): CodeIgniter\Validation\Validation->processRules('email', 'email', 'alexodell127@gm...', Array, Array)
#5 /home/genurgvd/trademagoptions.online/system/Controller.php(181): CodeIgniter\Validation\Validation->run()
#6 /home/genurgvd/trademagoptions.online/app/Controllers/Auth.php(42): CodeIgniter\Controller->validate(Array)
#7 /home/genurgvd/trademagoptions.online/system/CodeIgniter.php(936): App\Controllers\Auth->register()
#8 /home/genurgvd/trademagoptions.online/system/CodeIgniter.php(432): CodeIgniter\CodeIgniter->runController(Object(App\Controllers\Auth))
#9 /home/genurgvd/trademagoptions.online/system/CodeIgniter.php(333): CodeIgniter\CodeIgniter->handleRequest(NULL, Object(Config\Cache), false)
#10 /home/genurgvd/trademagoptions.online/index.php(44): CodeIgniter\CodeIgniter->run()
#11 {main}
