CRITICAL - 2021-05-17 05:42:02 --> Trying to get property 'firstname' of non-object
#0 /home/genurgvd/trademagoptions.online/app/Views/users/deposit.php(298): CodeIgniter\Debug\Exceptions->errorHandler(8, 'Trying to get p...', '/home/genurgvd/...', 298, Array)
#1 /home/genurgvd/trademagoptions.online/system/View/View.php(220): include('/home/genurgvd/...')
#2 /home/genurgvd/trademagoptions.online/system/View/View.php(222): CodeIgniter\View\View->CodeIgniter\View\{closure}()
#3 /home/genurgvd/trademagoptions.online/system/Common.php(1217): CodeIgniter\View\View->render('users/deposit', Array, true)
#4 /home/genurgvd/trademagoptions.online/app/Controllers/Users.php(175): view('users/deposit', Array)
#5 /home/genurgvd/trademagoptions.online/system/CodeIgniter.php(936): App\Controllers\Users->deposit()
#6 /home/genurgvd/trademagoptions.online/system/CodeIgniter.php(432): CodeIgniter\CodeIgniter->runController(Object(App\Controllers\Users))
#7 /home/genurgvd/trademagoptions.online/system/CodeIgniter.php(333): CodeIgniter\CodeIgniter->handleRequest(NULL, Object(Config\Cache), false)
#8 /home/genurgvd/trademagoptions.online/index.php(44): CodeIgniter\CodeIgniter->run()
#9 {main}
CRITICAL - 2021-05-17 06:17:41 --> Trying to get property 'firstname' of non-object
#0 /home/genurgvd/trademagoptions.online/app/Views/users/deposit.php(298): CodeIgniter\Debug\Exceptions->errorHandler(8, 'Trying to get p...', '/home/genurgvd/...', 298, Array)
#1 /home/genurgvd/trademagoptions.online/system/View/View.php(220): include('/home/genurgvd/...')
#2 /home/genurgvd/trademagoptions.online/system/View/View.php(222): CodeIgniter\View\View->CodeIgniter\View\{closure}()
#3 /home/genurgvd/trademagoptions.online/system/Common.php(1217): CodeIgniter\View\View->render('users/deposit', Array, true)
#4 /home/genurgvd/trademagoptions.online/app/Controllers/Users.php(175): view('users/deposit', Array)
#5 /home/genurgvd/trademagoptions.online/system/CodeIgniter.php(936): App\Controllers\Users->deposit()
#6 /home/genurgvd/trademagoptions.online/system/CodeIgniter.php(432): CodeIgniter\CodeIgniter->runController(Object(App\Controllers\Users))
#7 /home/genurgvd/trademagoptions.online/system/CodeIgniter.php(333): CodeIgniter\CodeIgniter->handleRequest(NULL, Object(Config\Cache), false)
#8 /home/genurgvd/trademagoptions.online/index.php(44): CodeIgniter\CodeIgniter->run()
#9 {main}
CRITICAL - 2021-05-17 06:17:49 --> Trying to get property 'account_status' of non-object
#0 /home/genurgvd/trademagoptions.online/app/Views/users/index.php(52): CodeIgniter\Debug\Exceptions->errorHandler(8, 'Trying to get p...', '/home/genurgvd/...', 52, Array)
#1 /home/genurgvd/trademagoptions.online/system/View/View.php(220): include('/home/genurgvd/...')
#2 /home/genurgvd/trademagoptions.online/system/View/View.php(222): CodeIgniter\View\View->CodeIgniter\View\{closure}()
#3 /home/genurgvd/trademagoptions.online/system/Common.php(1217): CodeIgniter\View\View->render('users/index', Array, true)
#4 /home/genurgvd/trademagoptions.online/app/Controllers/Users.php(30): view('users/index', Array)
#5 /home/genurgvd/trademagoptions.online/system/CodeIgniter.php(936): App\Controllers\Users->index()
#6 /home/genurgvd/trademagoptions.online/system/CodeIgniter.php(432): CodeIgniter\CodeIgniter->runController(Object(App\Controllers\Users))
#7 /home/genurgvd/trademagoptions.online/system/CodeIgniter.php(333): CodeIgniter\CodeIgniter->handleRequest(NULL, Object(Config\Cache), false)
#8 /home/genurgvd/trademagoptions.online/index.php(44): CodeIgniter\CodeIgniter->run()
#9 {main}
CRITICAL - 2021-05-17 06:57:49 --> Declaration of App\Models\InvestedModel::update($user_id, $data) must be compatible with CodeIgniter\Model::update($id = NULL, $data = NULL): bool
#0 [internal function]: CodeIgniter\Debug\Exceptions->shutdownHandler()
#1 {main}
CRITICAL - 2021-05-17 23:11:52 --> Trying to get property 'firstname' of non-object
#0 /home/genurgvd/trademagoptions.online/app/Views/users/deposit.php(301): CodeIgniter\Debug\Exceptions->errorHandler(8, 'Trying to get p...', '/home/genurgvd/...', 301, Array)
#1 /home/genurgvd/trademagoptions.online/system/View/View.php(220): include('/home/genurgvd/...')
#2 /home/genurgvd/trademagoptions.online/system/View/View.php(222): CodeIgniter\View\View->CodeIgniter\View\{closure}()
#3 /home/genurgvd/trademagoptions.online/system/Common.php(1217): CodeIgniter\View\View->render('users/deposit', Array, true)
#4 /home/genurgvd/trademagoptions.online/app/Controllers/Users.php(270): view('users/deposit', Array)
#5 /home/genurgvd/trademagoptions.online/system/CodeIgniter.php(936): App\Controllers\Users->deposit()
#6 /home/genurgvd/trademagoptions.online/system/CodeIgniter.php(432): CodeIgniter\CodeIgniter->runController(Object(App\Controllers\Users))
#7 /home/genurgvd/trademagoptions.online/system/CodeIgniter.php(333): CodeIgniter\CodeIgniter->handleRequest(NULL, Object(Config\Cache), false)
#8 /home/genurgvd/trademagoptions.online/index.php(44): CodeIgniter\CodeIgniter->run()
#9 {main}
