CRITICAL - 2021-09-10 06:55:21 --> Trying to access array offset on value of type null
#0 /home/condruwn/public_html/app/Controllers/Users.php(27): CodeIgniter\Debug\Exceptions->errorHandler(8, 'Trying to acces...', '/home/condruwn/...', 27, Array)
#1 /home/condruwn/public_html/system/CodeIgniter.php(936): App\Controllers\Users->index()
#2 /home/condruwn/public_html/system/CodeIgniter.php(432): CodeIgniter\CodeIgniter->runController(Object(App\Controllers\Users))
#3 /home/condruwn/public_html/system/CodeIgniter.php(333): CodeIgniter\CodeIgniter->handleRequest(NULL, Object(Config\Cache), false)
#4 /home/condruwn/public_html/index.php(44): CodeIgniter\CodeIgniter->run()
#5 {main}
CRITICAL - 2021-09-10 07:53:31 --> Trying to access array offset on value of type null
#0 /home/condruwn/public_html/app/Controllers/Users.php(27): CodeIgniter\Debug\Exceptions->errorHandler(8, 'Trying to acces...', '/home/condruwn/...', 27, Array)
#1 /home/condruwn/public_html/system/CodeIgniter.php(936): App\Controllers\Users->index()
#2 /home/condruwn/public_html/system/CodeIgniter.php(432): CodeIgniter\CodeIgniter->runController(Object(App\Controllers\Users))
#3 /home/condruwn/public_html/system/CodeIgniter.php(333): CodeIgniter\CodeIgniter->handleRequest(NULL, Object(Config\Cache), false)
#4 /home/condruwn/public_html/index.php(44): CodeIgniter\CodeIgniter->run()
#5 {main}
CRITICAL - 2021-09-10 08:48:21 --> Trying to access array offset on value of type null
#0 /home/condruwn/public_html/app/Controllers/Users.php(27): CodeIgniter\Debug\Exceptions->errorHandler(8, 'Trying to acces...', '/home/condruwn/...', 27, Array)
#1 /home/condruwn/public_html/system/CodeIgniter.php(936): App\Controllers\Users->index()
#2 /home/condruwn/public_html/system/CodeIgniter.php(432): CodeIgniter\CodeIgniter->runController(Object(App\Controllers\Users))
#3 /home/condruwn/public_html/system/CodeIgniter.php(333): CodeIgniter\CodeIgniter->handleRequest(NULL, Object(Config\Cache), false)
#4 /home/condruwn/public_html/index.php(44): CodeIgniter\CodeIgniter->run()
#5 {main}
CRITICAL - 2021-09-10 10:08:14 --> Trying to access array offset on value of type null
#0 /home/condruwn/public_html/app/Controllers/Admin.php(25): CodeIgniter\Debug\Exceptions->errorHandler(8, 'Trying to acces...', '/home/condruwn/...', 25, Array)
#1 /home/condruwn/public_html/system/CodeIgniter.php(936): App\Controllers\Admin->index()
#2 /home/condruwn/public_html/system/CodeIgniter.php(432): CodeIgniter\CodeIgniter->runController(Object(App\Controllers\Admin))
#3 /home/condruwn/public_html/system/CodeIgniter.php(333): CodeIgniter\CodeIgniter->handleRequest(NULL, Object(Config\Cache), false)
#4 /home/condruwn/public_html/index.php(44): CodeIgniter\CodeIgniter->run()
#5 {main}
CRITICAL - 2021-09-10 10:08:24 --> Trying to access array offset on value of type null
#0 /home/condruwn/public_html/app/Controllers/Admin.php(632): CodeIgniter\Debug\Exceptions->errorHandler(8, 'Trying to acces...', '/home/condruwn/...', 632, Array)
#1 /home/condruwn/public_html/system/CodeIgniter.php(936): App\Controllers\Admin->pendingWithdrawal()
#2 /home/condruwn/public_html/system/CodeIgniter.php(432): CodeIgniter\CodeIgniter->runController(Object(App\Controllers\Admin))
#3 /home/condruwn/public_html/system/CodeIgniter.php(333): CodeIgniter\CodeIgniter->handleRequest(NULL, Object(Config\Cache), false)
#4 /home/condruwn/public_html/index.php(44): CodeIgniter\CodeIgniter->run()
#5 {main}
CRITICAL - 2021-09-10 10:08:27 --> Trying to access array offset on value of type null
#0 /home/condruwn/public_html/app/Controllers/Admin.php(63): CodeIgniter\Debug\Exceptions->errorHandler(8, 'Trying to acces...', '/home/condruwn/...', 63, Array)
#1 /home/condruwn/public_html/system/CodeIgniter.php(936): App\Controllers\Admin->users()
#2 /home/condruwn/public_html/system/CodeIgniter.php(432): CodeIgniter\CodeIgniter->runController(Object(App\Controllers\Admin))
#3 /home/condruwn/public_html/system/CodeIgniter.php(333): CodeIgniter\CodeIgniter->handleRequest(NULL, Object(Config\Cache), false)
#4 /home/condruwn/public_html/index.php(44): CodeIgniter\CodeIgniter->run()
#5 {main}
CRITICAL - 2021-09-10 16:08:11 --> Trying to access array offset on value of type null
#0 /home/condruwn/public_html/app/Controllers/Admin.php(1124): CodeIgniter\Debug\Exceptions->errorHandler(8, 'Trying to acces...', '/home/condruwn/...', 1124, Array)
#1 /home/condruwn/public_html/system/CodeIgniter.php(936): App\Controllers\Admin->pendingDeposit()
#2 /home/condruwn/public_html/system/CodeIgniter.php(432): CodeIgniter\CodeIgniter->runController(Object(App\Controllers\Admin))
#3 /home/condruwn/public_html/system/CodeIgniter.php(333): CodeIgniter\CodeIgniter->handleRequest(NULL, Object(Config\Cache), false)
#4 /home/condruwn/public_html/index.php(44): CodeIgniter\CodeIgniter->run()
#5 {main}
CRITICAL - 2021-09-10 16:15:25 --> Undefined property: stdClass::$amount
#0 /home/condruwn/public_html/app/Views/admins/index.php(125): CodeIgniter\Debug\Exceptions->errorHandler(8, 'Undefined prope...', '/home/condruwn/...', 125, Array)
#1 /home/condruwn/public_html/system/View/View.php(220): include('/home/condruwn/...')
#2 /home/condruwn/public_html/system/View/View.php(222): CodeIgniter\View\View->CodeIgniter\View\{closure}()
#3 /home/condruwn/public_html/system/Common.php(1217): CodeIgniter\View\View->render('admins/index', Array, true)
#4 /home/condruwn/public_html/app/Controllers/Admin.php(52): view('admins/index', Array)
#5 /home/condruwn/public_html/system/CodeIgniter.php(936): App\Controllers\Admin->index()
#6 /home/condruwn/public_html/system/CodeIgniter.php(432): CodeIgniter\CodeIgniter->runController(Object(App\Controllers\Admin))
#7 /home/condruwn/public_html/system/CodeIgniter.php(333): CodeIgniter\CodeIgniter->handleRequest(NULL, Object(Config\Cache), false)
#8 /home/condruwn/public_html/index.php(44): CodeIgniter\CodeIgniter->run()
#9 {main}
CRITICAL - 2021-09-10 16:17:38 --> unlink(/home/condruwn/public_html/writable/debugbar/debugbar_1631280987.json): No such file or directory
#0 [internal function]: CodeIgniter\Debug\Exceptions->errorHandler(2, 'unlink(/home/co...', '/home/condruwn/...', 78, Array)
#1 /home/condruwn/public_html/system/Debug/Toolbar/Collectors/History.php(78): unlink('/home/condruwn/...')
#2 /home/condruwn/public_html/system/Debug/Toolbar.php(441): CodeIgniter\Debug\Toolbar\Collectors\History->setFiles(1631287056, 20)
#3 /home/condruwn/public_html/system/Debug/Toolbar.php(413): CodeIgniter\Debug\Toolbar->format(Array, 'html')
#4 /home/condruwn/public_html/app/Config/Events.php(52): CodeIgniter\Debug\Toolbar->respond()
#5 [internal function]: CodeIgniter\Events\Events::Config\{closure}()
#6 /home/condruwn/public_html/system/Events/Events.php(166): call_user_func(Object(Closure))
#7 /home/condruwn/public_html/system/CodeIgniter.php(314): CodeIgniter\Events\Events::trigger('pre_system')
#8 /home/condruwn/public_html/index.php(44): CodeIgniter\CodeIgniter->run()
#9 {main}
CRITICAL - 2021-09-10 18:42:24 --> Call to undefined method App\Models\UserModel::updateUser
#0 /home/condruwn/public_html/app/Controllers/Admin.php(594): CodeIgniter\Model->__call('updateUser', Array)
#1 /home/condruwn/public_html/system/CodeIgniter.php(936): App\Controllers\Admin->approveUser()
#2 /home/condruwn/public_html/system/CodeIgniter.php(432): CodeIgniter\CodeIgniter->runController(Object(App\Controllers\Admin))
#3 /home/condruwn/public_html/system/CodeIgniter.php(333): CodeIgniter\CodeIgniter->handleRequest(NULL, Object(Config\Cache), false)
#4 /home/condruwn/public_html/index.php(44): CodeIgniter\CodeIgniter->run()
#5 {main}
CRITICAL - 2021-09-10 18:43:51 --> Call to undefined method App\Models\UserModel::updateUser
#0 /home/condruwn/public_html/app/Controllers/Admin.php(594): CodeIgniter\Model->__call('updateUser', Array)
#1 /home/condruwn/public_html/system/CodeIgniter.php(936): App\Controllers\Admin->approveUser()
#2 /home/condruwn/public_html/system/CodeIgniter.php(432): CodeIgniter\CodeIgniter->runController(Object(App\Controllers\Admin))
#3 /home/condruwn/public_html/system/CodeIgniter.php(333): CodeIgniter\CodeIgniter->handleRequest(NULL, Object(Config\Cache), false)
#4 /home/condruwn/public_html/index.php(44): CodeIgniter\CodeIgniter->run()
#5 {main}
CRITICAL - 2021-09-10 18:44:17 --> Call to undefined method App\Models\UserModel::updateUser
#0 /home/condruwn/public_html/app/Controllers/Admin.php(594): CodeIgniter\Model->__call('updateUser', Array)
#1 /home/condruwn/public_html/system/CodeIgniter.php(936): App\Controllers\Admin->approveUser()
#2 /home/condruwn/public_html/system/CodeIgniter.php(432): CodeIgniter\CodeIgniter->runController(Object(App\Controllers\Admin))
#3 /home/condruwn/public_html/system/CodeIgniter.php(333): CodeIgniter\CodeIgniter->handleRequest(NULL, Object(Config\Cache), false)
#4 /home/condruwn/public_html/index.php(44): CodeIgniter\CodeIgniter->run()
#5 {main}
CRITICAL - 2021-09-10 18:45:49 --> Call to undefined method App\Models\UserModel::updateUser
#0 /home/condruwn/public_html/app/Controllers/Admin.php(594): CodeIgniter\Model->__call('updateUser', Array)
#1 /home/condruwn/public_html/system/CodeIgniter.php(936): App\Controllers\Admin->approveUser()
#2 /home/condruwn/public_html/system/CodeIgniter.php(432): CodeIgniter\CodeIgniter->runController(Object(App\Controllers\Admin))
#3 /home/condruwn/public_html/system/CodeIgniter.php(333): CodeIgniter\CodeIgniter->handleRequest(NULL, Object(Config\Cache), false)
#4 /home/condruwn/public_html/index.php(44): CodeIgniter\CodeIgniter->run()
#5 {main}
CRITICAL - 2021-09-10 18:46:30 --> Call to undefined method App\Models\UserModel::updateUser
#0 /home/condruwn/public_html/app/Controllers/Admin.php(594): CodeIgniter\Model->__call('updateUser', Array)
#1 /home/condruwn/public_html/system/CodeIgniter.php(936): App\Controllers\Admin->approveUser()
#2 /home/condruwn/public_html/system/CodeIgniter.php(432): CodeIgniter\CodeIgniter->runController(Object(App\Controllers\Admin))
#3 /home/condruwn/public_html/system/CodeIgniter.php(333): CodeIgniter\CodeIgniter->handleRequest(NULL, Object(Config\Cache), false)
#4 /home/condruwn/public_html/index.php(44): CodeIgniter\CodeIgniter->run()
#5 {main}
CRITICAL - 2021-09-10 18:47:25 --> Call to undefined method App\Models\UserModel::updateUser
#0 /home/condruwn/public_html/app/Controllers/Admin.php(594): CodeIgniter\Model->__call('updateUser', Array)
#1 /home/condruwn/public_html/system/CodeIgniter.php(936): App\Controllers\Admin->approveUser()
#2 /home/condruwn/public_html/system/CodeIgniter.php(432): CodeIgniter\CodeIgniter->runController(Object(App\Controllers\Admin))
#3 /home/condruwn/public_html/system/CodeIgniter.php(333): CodeIgniter\CodeIgniter->handleRequest(NULL, Object(Config\Cache), false)
#4 /home/condruwn/public_html/index.php(44): CodeIgniter\CodeIgniter->run()
#5 {main}
CRITICAL - 2021-09-10 19:12:42 --> Trying to access array offset on value of type null
#0 /home/condruwn/public_html/app/Controllers/Admin.php(25): CodeIgniter\Debug\Exceptions->errorHandler(8, 'Trying to acces...', '/home/condruwn/...', 25, Array)
#1 /home/condruwn/public_html/system/CodeIgniter.php(936): App\Controllers\Admin->index()
#2 /home/condruwn/public_html/system/CodeIgniter.php(432): CodeIgniter\CodeIgniter->runController(Object(App\Controllers\Admin))
#3 /home/condruwn/public_html/system/CodeIgniter.php(333): CodeIgniter\CodeIgniter->handleRequest(NULL, Object(Config\Cache), false)
#4 /home/condruwn/public_html/index.php(44): CodeIgniter\CodeIgniter->run()
#5 {main}
CRITICAL - 2021-09-10 19:14:23 --> Call to undefined method App\Models\UserModel::updateUser
#0 /home/condruwn/public_html/app/Controllers/Admin.php(594): CodeIgniter\Model->__call('updateUser', Array)
#1 /home/condruwn/public_html/system/CodeIgniter.php(936): App\Controllers\Admin->approveUser()
#2 /home/condruwn/public_html/system/CodeIgniter.php(432): CodeIgniter\CodeIgniter->runController(Object(App\Controllers\Admin))
#3 /home/condruwn/public_html/system/CodeIgniter.php(333): CodeIgniter\CodeIgniter->handleRequest(NULL, Object(Config\Cache), false)
#4 /home/condruwn/public_html/index.php(44): CodeIgniter\CodeIgniter->run()
#5 {main}
CRITICAL - 2021-09-10 23:22:33 --> Trying to access array offset on value of type null
#0 /home/condruwn/public_html/app/Controllers/Admin.php(25): CodeIgniter\Debug\Exceptions->errorHandler(8, 'Trying to acces...', '/home/condruwn/...', 25, Array)
#1 /home/condruwn/public_html/system/CodeIgniter.php(936): App\Controllers\Admin->index()
#2 /home/condruwn/public_html/system/CodeIgniter.php(432): CodeIgniter\CodeIgniter->runController(Object(App\Controllers\Admin))
#3 /home/condruwn/public_html/system/CodeIgniter.php(333): CodeIgniter\CodeIgniter->handleRequest(NULL, Object(Config\Cache), false)
#4 /home/condruwn/public_html/index.php(44): CodeIgniter\CodeIgniter->run()
#5 {main}
CRITICAL - 2021-09-10 23:43:11 --> Undefined index: user
#0 /home/condruwn/public_html/app/Controllers/Admin.php(597): CodeIgniter\Debug\Exceptions->errorHandler(8, 'Undefined index...', '/home/condruwn/...', 597, Array)
#1 /home/condruwn/public_html/system/CodeIgniter.php(936): App\Controllers\Admin->approveUser()
#2 /home/condruwn/public_html/system/CodeIgniter.php(432): CodeIgniter\CodeIgniter->runController(Object(App\Controllers\Admin))
#3 /home/condruwn/public_html/system/CodeIgniter.php(333): CodeIgniter\CodeIgniter->handleRequest(NULL, Object(Config\Cache), false)
#4 /home/condruwn/public_html/index.php(44): CodeIgniter\CodeIgniter->run()
#5 {main}
CRITICAL - 2021-09-10 23:58:43 --> Trying to access array offset on value of type null
#0 /home/condruwn/public_html/app/Controllers/Admin.php(25): CodeIgniter\Debug\Exceptions->errorHandler(8, 'Trying to acces...', '/home/condruwn/...', 25, Array)
#1 /home/condruwn/public_html/system/CodeIgniter.php(936): App\Controllers\Admin->index()
#2 /home/condruwn/public_html/system/CodeIgniter.php(432): CodeIgniter\CodeIgniter->runController(Object(App\Controllers\Admin))
#3 /home/condruwn/public_html/system/CodeIgniter.php(333): CodeIgniter\CodeIgniter->handleRequest(NULL, Object(Config\Cache), false)
#4 /home/condruwn/public_html/index.php(44): CodeIgniter\CodeIgniter->run()
#5 {main}
