CRITICAL - 2021-07-15 17:47:04 --> 6 : Could not resolve host: api.printful.com
#0 /home/xtrehfuf/Bitsplash.uk/system/HTTP/CURLRequest.php(805): CodeIgniter\HTTP\Exceptions\HTTPException::forCurlError('6', 'Could not resol...')
#1 /home/xtrehfuf/Bitsplash.uk/system/HTTP/CURLRequest.php(418): CodeIgniter\HTTP\CURLRequest->sendRequest(Array)
#2 /home/xtrehfuf/Bitsplash.uk/system/HTTP/CURLRequest.php(127): CodeIgniter\HTTP\CURLRequest->send('GET', 'https://api.pri...')
#3 /home/xtrehfuf/Bitsplash.uk/app/Libraries/App_services.php(25): CodeIgniter\HTTP\CURLRequest->request('GET', 'https://api.pri...')
#4 /home/xtrehfuf/Bitsplash.uk/app/Controllers/Auth.php(27): App\Libraries\App_services->getCountries()
#5 /home/xtrehfuf/Bitsplash.uk/system/CodeIgniter.php(936): App\Controllers\Auth->register()
#6 /home/xtrehfuf/Bitsplash.uk/system/CodeIgniter.php(432): CodeIgniter\CodeIgniter->runController(Object(App\Controllers\Auth))
#7 /home/xtrehfuf/Bitsplash.uk/system/CodeIgniter.php(333): CodeIgniter\CodeIgniter->handleRequest(NULL, Object(Config\Cache), false)
#8 /home/xtrehfuf/Bitsplash.uk/index.php(44): CodeIgniter\CodeIgniter->run()
#9 {main}
CRITICAL - 2021-07-15 17:47:47 --> 6 : Could not resolve host: api.printful.com
#0 /home/xtrehfuf/Bitsplash.uk/system/HTTP/CURLRequest.php(805): CodeIgniter\HTTP\Exceptions\HTTPException::forCurlError('6', 'Could not resol...')
#1 /home/xtrehfuf/Bitsplash.uk/system/HTTP/CURLRequest.php(418): CodeIgniter\HTTP\CURLRequest->sendRequest(Array)
#2 /home/xtrehfuf/Bitsplash.uk/system/HTTP/CURLRequest.php(127): CodeIgniter\HTTP\CURLRequest->send('GET', 'https://api.pri...')
#3 /home/xtrehfuf/Bitsplash.uk/app/Libraries/App_services.php(25): CodeIgniter\HTTP\CURLRequest->request('GET', 'https://api.pri...')
#4 /home/xtrehfuf/Bitsplash.uk/app/Controllers/Auth.php(27): App\Libraries\App_services->getCountries()
#5 /home/xtrehfuf/Bitsplash.uk/system/CodeIgniter.php(936): App\Controllers\Auth->register()
#6 /home/xtrehfuf/Bitsplash.uk/system/CodeIgniter.php(432): CodeIgniter\CodeIgniter->runController(Object(App\Controllers\Auth))
#7 /home/xtrehfuf/Bitsplash.uk/system/CodeIgniter.php(333): CodeIgniter\CodeIgniter->handleRequest(NULL, Object(Config\Cache), false)
#8 /home/xtrehfuf/Bitsplash.uk/index.php(44): CodeIgniter\CodeIgniter->run()
#9 {main}
CRITICAL - 2021-07-15 17:48:04 --> 6 : Could not resolve host: api.printful.com
#0 /home/xtrehfuf/Bitsplash.uk/system/HTTP/CURLRequest.php(805): CodeIgniter\HTTP\Exceptions\HTTPException::forCurlError('6', 'Could not resol...')
#1 /home/xtrehfuf/Bitsplash.uk/system/HTTP/CURLRequest.php(418): CodeIgniter\HTTP\CURLRequest->sendRequest(Array)
#2 /home/xtrehfuf/Bitsplash.uk/system/HTTP/CURLRequest.php(127): CodeIgniter\HTTP\CURLRequest->send('GET', 'https://api.pri...')
#3 /home/xtrehfuf/Bitsplash.uk/app/Libraries/App_services.php(25): CodeIgniter\HTTP\CURLRequest->request('GET', 'https://api.pri...')
#4 /home/xtrehfuf/Bitsplash.uk/app/Controllers/Auth.php(27): App\Libraries\App_services->getCountries()
#5 /home/xtrehfuf/Bitsplash.uk/system/CodeIgniter.php(936): App\Controllers\Auth->register()
#6 /home/xtrehfuf/Bitsplash.uk/system/CodeIgniter.php(432): CodeIgniter\CodeIgniter->runController(Object(App\Controllers\Auth))
#7 /home/xtrehfuf/Bitsplash.uk/system/CodeIgniter.php(333): CodeIgniter\CodeIgniter->handleRequest(NULL, Object(Config\Cache), false)
#8 /home/xtrehfuf/Bitsplash.uk/index.php(44): CodeIgniter\CodeIgniter->run()
#9 {main}
