CRITICAL - 2021-07-07 22:46:33 --> syntax error, unexpected ';', expecting ']'
#0 /home/xtrehfuf/Bitsplash.uk/system/Autoloader/Autoloader.php(265): CodeIgniter\Autoloader\Autoloader->includeFile('/home/xtrehfuf/...')
#1 /home/xtrehfuf/Bitsplash.uk/system/Autoloader/Autoloader.php(228): CodeIgniter\Autoloader\Autoloader->loadInNamespace('App\\Controllers...')
#2 [internal function]: CodeIgniter\Autoloader\Autoloader->loadClass('App\\Controllers...')
#3 [internal function]: spl_autoload_call('App\\Controllers...')
#4 /home/xtrehfuf/Bitsplash.uk/system/CodeIgniter.php(893): class_exists('\\App\\Controller...', true)
#5 /home/xtrehfuf/Bitsplash.uk/system/CodeIgniter.php(417): CodeIgniter\CodeIgniter->startController()
#6 /home/xtrehfuf/Bitsplash.uk/system/CodeIgniter.php(333): CodeIgniter\CodeIgniter->handleRequest(NULL, Object(Config\Cache), false)
#7 /home/xtrehfuf/Bitsplash.uk/index.php(44): CodeIgniter\CodeIgniter->run()
#8 {main}
CRITICAL - 2021-07-07 22:49:23 --> syntax error, unexpected ';', expecting ']'
#0 /home/xtrehfuf/Bitsplash.uk/system/Autoloader/Autoloader.php(265): CodeIgniter\Autoloader\Autoloader->includeFile('/home/xtrehfuf/...')
#1 /home/xtrehfuf/Bitsplash.uk/system/Autoloader/Autoloader.php(228): CodeIgniter\Autoloader\Autoloader->loadInNamespace('App\\Controllers...')
#2 [internal function]: CodeIgniter\Autoloader\Autoloader->loadClass('App\\Controllers...')
#3 [internal function]: spl_autoload_call('App\\Controllers...')
#4 /home/xtrehfuf/Bitsplash.uk/system/CodeIgniter.php(893): class_exists('\\App\\Controller...', true)
#5 /home/xtrehfuf/Bitsplash.uk/system/CodeIgniter.php(417): CodeIgniter\CodeIgniter->startController()
#6 /home/xtrehfuf/Bitsplash.uk/system/CodeIgniter.php(333): CodeIgniter\CodeIgniter->handleRequest(NULL, Object(Config\Cache), false)
#7 /home/xtrehfuf/Bitsplash.uk/index.php(44): CodeIgniter\CodeIgniter->run()
#8 {main}
CRITICAL - 2021-07-07 22:50:17 --> Undefined property: App\Controllers\Auth::$input
#0 /home/xtrehfuf/Bitsplash.uk/app/Controllers/Auth.php(56): CodeIgniter\Debug\Exceptions->errorHandler(8, 'Undefined prope...', '/home/xtrehfuf/...', 56, Array)
#1 /home/xtrehfuf/Bitsplash.uk/system/CodeIgniter.php(936): App\Controllers\Auth->register()
#2 /home/xtrehfuf/Bitsplash.uk/system/CodeIgniter.php(432): CodeIgniter\CodeIgniter->runController(Object(App\Controllers\Auth))
#3 /home/xtrehfuf/Bitsplash.uk/system/CodeIgniter.php(333): CodeIgniter\CodeIgniter->handleRequest(NULL, Object(Config\Cache), false)
#4 /home/xtrehfuf/Bitsplash.uk/index.php(44): CodeIgniter\CodeIgniter->run()
#5 {main}
CRITICAL - 2021-07-07 22:52:27 --> Call to undefined method CodeIgniter\HTTP\IncomingRequest::get()
#0 /home/xtrehfuf/Bitsplash.uk/system/CodeIgniter.php(936): App\Controllers\Auth->register()
#1 /home/xtrehfuf/Bitsplash.uk/system/CodeIgniter.php(432): CodeIgniter\CodeIgniter->runController(Object(App\Controllers\Auth))
#2 /home/xtrehfuf/Bitsplash.uk/system/CodeIgniter.php(333): CodeIgniter\CodeIgniter->handleRequest(NULL, Object(Config\Cache), false)
#3 /home/xtrehfuf/Bitsplash.uk/index.php(44): CodeIgniter\CodeIgniter->run()
#4 {main}
CRITICAL - 2021-07-07 22:58:39 --> syntax error, unexpected '$params' (T_VARIABLE), expecting '('
#0 /home/xtrehfuf/Bitsplash.uk/system/Router/Router.php(170): CodeIgniter\Router\Router->autoRoute('auth/register')
#1 /home/xtrehfuf/Bitsplash.uk/system/CodeIgniter.php(816): CodeIgniter\Router\Router->handle('auth/register')
#2 /home/xtrehfuf/Bitsplash.uk/system/CodeIgniter.php(385): CodeIgniter\CodeIgniter->tryToRouteIt(Object(CodeIgniter\Router\RouteCollection))
#3 /home/xtrehfuf/Bitsplash.uk/system/CodeIgniter.php(333): CodeIgniter\CodeIgniter->handleRequest(NULL, Object(Config\Cache), false)
#4 /home/xtrehfuf/Bitsplash.uk/index.php(44): CodeIgniter\CodeIgniter->run()
#5 {main}
CRITICAL - 2021-07-07 23:00:11 --> syntax error, unexpected '$params' (T_VARIABLE), expecting '('
#0 /home/xtrehfuf/Bitsplash.uk/system/Autoloader/Autoloader.php(265): CodeIgniter\Autoloader\Autoloader->includeFile('/home/xtrehfuf/...')
#1 /home/xtrehfuf/Bitsplash.uk/system/Autoloader/Autoloader.php(228): CodeIgniter\Autoloader\Autoloader->loadInNamespace('App\\Controllers...')
#2 [internal function]: CodeIgniter\Autoloader\Autoloader->loadClass('App\\Controllers...')
#3 [internal function]: spl_autoload_call('App\\Controllers...')
#4 /home/xtrehfuf/Bitsplash.uk/system/CodeIgniter.php(893): class_exists('\\App\\Controller...', true)
#5 /home/xtrehfuf/Bitsplash.uk/system/CodeIgniter.php(417): CodeIgniter\CodeIgniter->startController()
#6 /home/xtrehfuf/Bitsplash.uk/system/CodeIgniter.php(333): CodeIgniter\CodeIgniter->handleRequest(NULL, Object(Config\Cache), false)
#7 /home/xtrehfuf/Bitsplash.uk/index.php(44): CodeIgniter\CodeIgniter->run()
#8 {main}
CRITICAL - 2021-07-07 23:02:30 --> Undefined property: App\Controllers\Auth::$uri
#0 /home/xtrehfuf/Bitsplash.uk/app/Controllers/Auth.php(56): CodeIgniter\Debug\Exceptions->errorHandler(8, 'Undefined prope...', '/home/xtrehfuf/...', 56, Array)
#1 /home/xtrehfuf/Bitsplash.uk/system/CodeIgniter.php(936): App\Controllers\Auth->register()
#2 /home/xtrehfuf/Bitsplash.uk/system/CodeIgniter.php(432): CodeIgniter\CodeIgniter->runController(Object(App\Controllers\Auth))
#3 /home/xtrehfuf/Bitsplash.uk/system/CodeIgniter.php(333): CodeIgniter\CodeIgniter->handleRequest(NULL, Object(Config\Cache), false)
#4 /home/xtrehfuf/Bitsplash.uk/index.php(44): CodeIgniter\CodeIgniter->run()
#5 {main}
CRITICAL - 2021-07-07 23:57:43 --> syntax error, unexpected '$routes' (T_VARIABLE)
#0 /home/xtrehfuf/Bitsplash.uk/system/CodeIgniter.php(385): CodeIgniter\CodeIgniter->tryToRouteIt(NULL)
#1 /home/xtrehfuf/Bitsplash.uk/system/CodeIgniter.php(333): CodeIgniter\CodeIgniter->handleRequest(NULL, Object(Config\Cache), false)
#2 /home/xtrehfuf/Bitsplash.uk/index.php(44): CodeIgniter\CodeIgniter->run()
#3 {main}
