CRITICAL - 2021-09-22 05:59:54 --> Trying to access array offset on value of type null
#0 /home/condruwn/public_html/app/Controllers/Users.php(28): CodeIgniter\Debug\Exceptions->errorHandler(8, 'Trying to acces...', '/home/condruwn/...', 28, Array)
#1 /home/condruwn/public_html/system/CodeIgniter.php(936): App\Controllers\Users->index()
#2 /home/condruwn/public_html/system/CodeIgniter.php(432): CodeIgniter\CodeIgniter->runController(Object(App\Controllers\Users))
#3 /home/condruwn/public_html/system/CodeIgniter.php(333): CodeIgniter\CodeIgniter->handleRequest(NULL, Object(Config\Cache), false)
#4 /home/condruwn/public_html/index.php(44): CodeIgniter\CodeIgniter->run()
#5 {main}
CRITICAL - 2021-09-22 08:03:18 --> Trying to access array offset on value of type null
#0 /home/condruwn/public_html/app/Controllers/Admin.php(25): CodeIgniter\Debug\Exceptions->errorHandler(8, 'Trying to acces...', '/home/condruwn/...', 25, Array)
#1 /home/condruwn/public_html/system/CodeIgniter.php(936): App\Controllers\Admin->index()
#2 /home/condruwn/public_html/system/CodeIgniter.php(432): CodeIgniter\CodeIgniter->runController(Object(App\Controllers\Admin))
#3 /home/condruwn/public_html/system/CodeIgniter.php(333): CodeIgniter\CodeIgniter->handleRequest(NULL, Object(Config\Cache), false)
#4 /home/condruwn/public_html/index.php(44): CodeIgniter\CodeIgniter->run()
#5 {main}
CRITICAL - 2021-09-22 08:56:37 --> Trying to access array offset on value of type null
#0 /home/condruwn/public_html/app/Controllers/Users.php(28): CodeIgniter\Debug\Exceptions->errorHandler(8, 'Trying to acces...', '/home/condruwn/...', 28, Array)
#1 /home/condruwn/public_html/system/CodeIgniter.php(936): App\Controllers\Users->index()
#2 /home/condruwn/public_html/system/CodeIgniter.php(432): CodeIgniter\CodeIgniter->runController(Object(App\Controllers\Users))
#3 /home/condruwn/public_html/system/CodeIgniter.php(333): CodeIgniter\CodeIgniter->handleRequest(NULL, Object(Config\Cache), false)
#4 /home/condruwn/public_html/index.php(44): CodeIgniter\CodeIgniter->run()
#5 {main}
CRITICAL - 2021-09-22 10:22:57 --> Trying to access array offset on value of type null
#0 /home/condruwn/public_html/app/Controllers/Admin.php(25): CodeIgniter\Debug\Exceptions->errorHandler(8, 'Trying to acces...', '/home/condruwn/...', 25, Array)
#1 /home/condruwn/public_html/system/CodeIgniter.php(936): App\Controllers\Admin->index()
#2 /home/condruwn/public_html/system/CodeIgniter.php(432): CodeIgniter\CodeIgniter->runController(Object(App\Controllers\Admin))
#3 /home/condruwn/public_html/system/CodeIgniter.php(333): CodeIgniter\CodeIgniter->handleRequest(NULL, Object(Config\Cache), false)
#4 /home/condruwn/public_html/index.php(44): CodeIgniter\CodeIgniter->run()
#5 {main}
CRITICAL - 2021-09-22 11:00:11 --> Trying to access array offset on value of type null
#0 /home/condruwn/public_html/app/Controllers/Users.php(677): CodeIgniter\Debug\Exceptions->errorHandler(8, 'Trying to acces...', '/home/condruwn/...', 677, Array)
#1 /home/condruwn/public_html/system/CodeIgniter.php(936): App\Controllers\Users->deposit()
#2 /home/condruwn/public_html/system/CodeIgniter.php(432): CodeIgniter\CodeIgniter->runController(Object(App\Controllers\Users))
#3 /home/condruwn/public_html/system/CodeIgniter.php(333): CodeIgniter\CodeIgniter->handleRequest(NULL, Object(Config\Cache), false)
#4 /home/condruwn/public_html/index.php(44): CodeIgniter\CodeIgniter->run()
#5 {main}
CRITICAL - 2021-09-22 14:24:11 --> Trying to access array offset on value of type null
#0 /home/condruwn/public_html/app/Controllers/Admin.php(25): CodeIgniter\Debug\Exceptions->errorHandler(8, 'Trying to acces...', '/home/condruwn/...', 25, Array)
#1 /home/condruwn/public_html/system/CodeIgniter.php(936): App\Controllers\Admin->index()
#2 /home/condruwn/public_html/system/CodeIgniter.php(432): CodeIgniter\CodeIgniter->runController(Object(App\Controllers\Admin))
#3 /home/condruwn/public_html/system/CodeIgniter.php(333): CodeIgniter\CodeIgniter->handleRequest(NULL, Object(Config\Cache), false)
#4 /home/condruwn/public_html/index.php(44): CodeIgniter\CodeIgniter->run()
#5 {main}
