CRITICAL - 2021-05-09 19:46:51 --> syntax error, unexpected ')', expecting '|' or variable (T_VARIABLE)
#0 /home/genurgvd/trademagoptions.online/system/Autoloader/Autoloader.php(265): CodeIgniter\Autoloader\Autoloader->includeFile('/home/genurgvd/...')
#1 /home/genurgvd/trademagoptions.online/system/Autoloader/Autoloader.php(228): CodeIgniter\Autoloader\Autoloader->loadInNamespace('App\\Controllers...')
#2 [internal function]: CodeIgniter\Autoloader\Autoloader->loadClass('App\\Controllers...')
#3 [internal function]: spl_autoload_call('App\\Controllers...')
#4 /home/genurgvd/trademagoptions.online/system/CodeIgniter.php(893): class_exists('\\App\\Controller...', true)
#5 /home/genurgvd/trademagoptions.online/system/CodeIgniter.php(417): CodeIgniter\CodeIgniter->startController()
#6 /home/genurgvd/trademagoptions.online/system/CodeIgniter.php(333): CodeIgniter\CodeIgniter->handleRequest(NULL, Object(Config\Cache), false)
#7 /home/genurgvd/trademagoptions.online/index.php(44): CodeIgniter\CodeIgniter->run()
#8 {main}
CRITICAL - 2021-05-09 19:47:36 --> syntax error, unexpected ')', expecting '|' or variable (T_VARIABLE)
#0 /home/genurgvd/trademagoptions.online/system/Autoloader/Autoloader.php(265): CodeIgniter\Autoloader\Autoloader->includeFile('/home/genurgvd/...')
#1 /home/genurgvd/trademagoptions.online/system/Autoloader/Autoloader.php(228): CodeIgniter\Autoloader\Autoloader->loadInNamespace('App\\Controllers...')
#2 [internal function]: CodeIgniter\Autoloader\Autoloader->loadClass('App\\Controllers...')
#3 [internal function]: spl_autoload_call('App\\Controllers...')
#4 /home/genurgvd/trademagoptions.online/system/CodeIgniter.php(893): class_exists('\\App\\Controller...', true)
#5 /home/genurgvd/trademagoptions.online/system/CodeIgniter.php(417): CodeIgniter\CodeIgniter->startController()
#6 /home/genurgvd/trademagoptions.online/system/CodeIgniter.php(333): CodeIgniter\CodeIgniter->handleRequest(NULL, Object(Config\Cache), false)
#7 /home/genurgvd/trademagoptions.online/index.php(44): CodeIgniter\CodeIgniter->run()
#8 {main}
CRITICAL - 2021-05-09 20:10:53 --> syntax error, unexpected '$user_m' (T_VARIABLE)
#0 /home/genurgvd/trademagoptions.online/system/Router/Router.php(170): CodeIgniter\Router\Router->autoRoute('auth/register')
#1 /home/genurgvd/trademagoptions.online/system/CodeIgniter.php(816): CodeIgniter\Router\Router->handle('auth/register')
#2 /home/genurgvd/trademagoptions.online/system/CodeIgniter.php(385): CodeIgniter\CodeIgniter->tryToRouteIt(Object(CodeIgniter\Router\RouteCollection))
#3 /home/genurgvd/trademagoptions.online/system/CodeIgniter.php(333): CodeIgniter\CodeIgniter->handleRequest(NULL, Object(Config\Cache), false)
#4 /home/genurgvd/trademagoptions.online/index.php(44): CodeIgniter\CodeIgniter->run()
#5 {main}
CRITICAL - 2021-05-09 20:22:11 --> Use of undefined constant filter_sanitize_string - assumed 'filter_sanitize_string' (this will throw an Error in a future version of PHP)
#0 /home/genurgvd/trademagoptions.online/app/Controllers/Auth.php(43): CodeIgniter\Debug\Exceptions->errorHandler(2, 'Use of undefine...', '/home/genurgvd/...', 43, Array)
#1 /home/genurgvd/trademagoptions.online/system/CodeIgniter.php(936): App\Controllers\Auth->register()
#2 /home/genurgvd/trademagoptions.online/system/CodeIgniter.php(432): CodeIgniter\CodeIgniter->runController(Object(App\Controllers\Auth))
#3 /home/genurgvd/trademagoptions.online/system/CodeIgniter.php(333): CodeIgniter\CodeIgniter->handleRequest(NULL, Object(Config\Cache), false)
#4 /home/genurgvd/trademagoptions.online/index.php(44): CodeIgniter\CodeIgniter->run()
#5 {main}
CRITICAL - 2021-05-09 20:26:08 --> Class 'App\Models\User_m' not found
#0 /home/genurgvd/trademagoptions.online/system/CodeIgniter.php(936): App\Controllers\Auth->register()
#1 /home/genurgvd/trademagoptions.online/system/CodeIgniter.php(432): CodeIgniter\CodeIgniter->runController(Object(App\Controllers\Auth))
#2 /home/genurgvd/trademagoptions.online/system/CodeIgniter.php(333): CodeIgniter\CodeIgniter->handleRequest(NULL, Object(Config\Cache), false)
#3 /home/genurgvd/trademagoptions.online/index.php(44): CodeIgniter\CodeIgniter->run()
#4 {main}
CRITICAL - 2021-05-09 20:33:15 --> Class 'App\Models\UserModel' not found
#0 /home/genurgvd/trademagoptions.online/system/CodeIgniter.php(936): App\Controllers\Auth->register()
#1 /home/genurgvd/trademagoptions.online/system/CodeIgniter.php(432): CodeIgniter\CodeIgniter->runController(Object(App\Controllers\Auth))
#2 /home/genurgvd/trademagoptions.online/system/CodeIgniter.php(333): CodeIgniter\CodeIgniter->handleRequest(NULL, Object(Config\Cache), false)
#3 /home/genurgvd/trademagoptions.online/index.php(44): CodeIgniter\CodeIgniter->run()
#4 {main}
ERROR - 2021-05-09 20:41:46 --> mysqli_sql_exception: Unknown column 'created_at' in 'field list' in /home/genurgvd/trademagoptions.online/system/Database/MySQLi/Connection.php:314
Stack trace:
#0 /home/genurgvd/trademagoptions.online/system/Database/MySQLi/Connection.php(314): mysqli->query('INSERT INTO `us...')
#1 /home/genurgvd/trademagoptions.online/system/Database/BaseConnection.php(713): CodeIgniter\Database\MySQLi\Connection->execute('INSERT INTO `us...')
#2 /home/genurgvd/trademagoptions.online/system/Database/BaseConnection.php(641): CodeIgniter\Database\BaseConnection->simpleQuery('INSERT INTO `us...')
#3 /home/genurgvd/trademagoptions.online/system/Database/BaseBuilder.php(2263): CodeIgniter\Database\BaseConnection->query('INSERT INTO `us...', Array, false)
#4 /home/genurgvd/trademagoptions.online/system/Model.php(278): CodeIgniter\Database\BaseBuilder->insert()
#5 /home/genurgvd/trademagoptions.online/system/BaseModel.php(758): CodeIgniter\Model->doInsert(Array)
#6 /home/genurgvd/trademagoptions.online/system/Model.php(705): CodeIgniter\BaseModel->insert(Array, true)
#7 /home/genurgvd/trademagoptions.online/app/Controllers/Auth.php(52): CodeIgniter\Model->insert(Array)
#8 /home/genurgvd/trademagoptions.online/system/CodeIgniter.php(936): App\Controllers\Auth->register()
#9 /home/genurgvd/trademagoptions.online/system/CodeIgniter.php(432): CodeIgniter\CodeIgniter->runController(Object(App\Controllers\Auth))
#10 /home/genurgvd/trademagoptions.online/system/CodeIgniter.php(333): CodeIgniter\CodeIgniter->handleRequest(NULL, Object(Config\Cache), false)
#11 /home/genurgvd/trademagoptions.online/index.php(44): CodeIgniter\CodeIgniter->run()
#12 {main}
CRITICAL - 2021-05-09 20:41:46 --> Unknown column 'created_at' in 'field list'
#0 /home/genurgvd/trademagoptions.online/system/Database/MySQLi/Connection.php(314): mysqli->query('INSERT INTO `us...')
#1 /home/genurgvd/trademagoptions.online/system/Database/BaseConnection.php(713): CodeIgniter\Database\MySQLi\Connection->execute('INSERT INTO `us...')
#2 /home/genurgvd/trademagoptions.online/system/Database/BaseConnection.php(641): CodeIgniter\Database\BaseConnection->simpleQuery('INSERT INTO `us...')
#3 /home/genurgvd/trademagoptions.online/system/Database/BaseBuilder.php(2263): CodeIgniter\Database\BaseConnection->query('INSERT INTO `us...', Array, false)
#4 /home/genurgvd/trademagoptions.online/system/Model.php(278): CodeIgniter\Database\BaseBuilder->insert()
#5 /home/genurgvd/trademagoptions.online/system/BaseModel.php(758): CodeIgniter\Model->doInsert(Array)
#6 /home/genurgvd/trademagoptions.online/system/Model.php(705): CodeIgniter\BaseModel->insert(Array, true)
#7 /home/genurgvd/trademagoptions.online/app/Controllers/Auth.php(52): CodeIgniter\Model->insert(Array)
#8 /home/genurgvd/trademagoptions.online/system/CodeIgniter.php(936): App\Controllers\Auth->register()
#9 /home/genurgvd/trademagoptions.online/system/CodeIgniter.php(432): CodeIgniter\CodeIgniter->runController(Object(App\Controllers\Auth))
#10 /home/genurgvd/trademagoptions.online/system/CodeIgniter.php(333): CodeIgniter\CodeIgniter->handleRequest(NULL, Object(Config\Cache), false)
#11 /home/genurgvd/trademagoptions.online/index.php(44): CodeIgniter\CodeIgniter->run()
#12 {main}
