CRITICAL - 2021-05-13 14:32:42 --> Trying to get property 'account_status' of non-object
#0 /home/genurgvd/trademagoptions.online/app/Views/users/index.php(52): CodeIgniter\Debug\Exceptions->errorHandler(8, 'Trying to get p...', '/home/genurgvd/...', 52, Array)
#1 /home/genurgvd/trademagoptions.online/system/View/View.php(220): include('/home/genurgvd/...')
#2 /home/genurgvd/trademagoptions.online/system/View/View.php(222): CodeIgniter\View\View->CodeIgniter\View\{closure}()
#3 /home/genurgvd/trademagoptions.online/system/Common.php(1217): CodeIgniter\View\View->render('users/index', Array, true)
#4 /home/genurgvd/trademagoptions.online/app/Controllers/Users.php(29): view('users/index', Array)
#5 /home/genurgvd/trademagoptions.online/system/CodeIgniter.php(936): App\Controllers\Users->index()
#6 /home/genurgvd/trademagoptions.online/system/CodeIgniter.php(432): CodeIgniter\CodeIgniter->runController(Object(App\Controllers\Users))
#7 /home/genurgvd/trademagoptions.online/system/CodeIgniter.php(333): CodeIgniter\CodeIgniter->handleRequest(NULL, Object(Config\Cache), false)
#8 /home/genurgvd/trademagoptions.online/index.php(44): CodeIgniter\CodeIgniter->run()
#9 {main}
CRITICAL - 2021-05-13 14:33:43 --> Trying to get property 'account_status' of non-object
#0 /home/genurgvd/trademagoptions.online/app/Views/users/verify.php(28): CodeIgniter\Debug\Exceptions->errorHandler(8, 'Trying to get p...', '/home/genurgvd/...', 28, Array)
#1 /home/genurgvd/trademagoptions.online/system/View/View.php(220): include('/home/genurgvd/...')
#2 /home/genurgvd/trademagoptions.online/system/View/View.php(222): CodeIgniter\View\View->CodeIgniter\View\{closure}()
#3 /home/genurgvd/trademagoptions.online/system/Common.php(1217): CodeIgniter\View\View->render('users/verify', Array, true)
#4 /home/genurgvd/trademagoptions.online/app/Controllers/Users.php(96): view('users/verify', Array)
#5 /home/genurgvd/trademagoptions.online/system/CodeIgniter.php(936): App\Controllers\Users->verify()
#6 /home/genurgvd/trademagoptions.online/system/CodeIgniter.php(432): CodeIgniter\CodeIgniter->runController(Object(App\Controllers\Users))
#7 /home/genurgvd/trademagoptions.online/system/CodeIgniter.php(333): CodeIgniter\CodeIgniter->handleRequest(NULL, Object(Config\Cache), false)
#8 /home/genurgvd/trademagoptions.online/index.php(44): CodeIgniter\CodeIgniter->run()
#9 {main}
CRITICAL - 2021-05-13 14:33:45 --> Trying to get property 'account_status' of non-object
#0 /home/genurgvd/trademagoptions.online/app/Views/users/index.php(52): CodeIgniter\Debug\Exceptions->errorHandler(8, 'Trying to get p...', '/home/genurgvd/...', 52, Array)
#1 /home/genurgvd/trademagoptions.online/system/View/View.php(220): include('/home/genurgvd/...')
#2 /home/genurgvd/trademagoptions.online/system/View/View.php(222): CodeIgniter\View\View->CodeIgniter\View\{closure}()
#3 /home/genurgvd/trademagoptions.online/system/Common.php(1217): CodeIgniter\View\View->render('users/index', Array, true)
#4 /home/genurgvd/trademagoptions.online/app/Controllers/Users.php(29): view('users/index', Array)
#5 /home/genurgvd/trademagoptions.online/system/CodeIgniter.php(936): App\Controllers\Users->index()
#6 /home/genurgvd/trademagoptions.online/system/CodeIgniter.php(432): CodeIgniter\CodeIgniter->runController(Object(App\Controllers\Users))
#7 /home/genurgvd/trademagoptions.online/system/CodeIgniter.php(333): CodeIgniter\CodeIgniter->handleRequest(NULL, Object(Config\Cache), false)
#8 /home/genurgvd/trademagoptions.online/index.php(44): CodeIgniter\CodeIgniter->run()
#9 {main}
CRITICAL - 2021-05-13 18:09:33 --> Undefined variable: session
#0 /home/genurgvd/trademagoptions.online/app/Views/users/fragments/navigation.php(14): CodeIgniter\Debug\Exceptions->errorHandler(8, 'Undefined varia...', '/home/genurgvd/...', 14, Array)
#1 /home/genurgvd/trademagoptions.online/system/View/View.php(220): include('/home/genurgvd/...')
#2 /home/genurgvd/trademagoptions.online/system/View/View.php(222): CodeIgniter\View\View->CodeIgniter\View\{closure}()
#3 /home/genurgvd/trademagoptions.online/system/Common.php(1217): CodeIgniter\View\View->render('users/fragments...', Array, true)
#4 /home/genurgvd/trademagoptions.online/app/Views/users/verify.php(3): view('users/fragments...')
#5 /home/genurgvd/trademagoptions.online/system/View/View.php(220): include('/home/genurgvd/...')
#6 /home/genurgvd/trademagoptions.online/system/View/View.php(222): CodeIgniter\View\View->CodeIgniter\View\{closure}()
#7 /home/genurgvd/trademagoptions.online/system/Common.php(1217): CodeIgniter\View\View->render('users/verify', Array, true)
#8 /home/genurgvd/trademagoptions.online/app/Controllers/Users.php(96): view('users/verify', Array)
#9 /home/genurgvd/trademagoptions.online/system/CodeIgniter.php(936): App\Controllers\Users->verify()
#10 /home/genurgvd/trademagoptions.online/system/CodeIgniter.php(432): CodeIgniter\CodeIgniter->runController(Object(App\Controllers\Users))
#11 /home/genurgvd/trademagoptions.online/system/CodeIgniter.php(333): CodeIgniter\CodeIgniter->handleRequest(NULL, Object(Config\Cache), false)
#12 /home/genurgvd/trademagoptions.online/index.php(44): CodeIgniter\CodeIgniter->run()
#13 {main}
CRITICAL - 2021-05-13 18:10:00 --> Undefined index: account_status
#0 /home/genurgvd/trademagoptions.online/app/Views/users/fragments/navigation.php(14): CodeIgniter\Debug\Exceptions->errorHandler(8, 'Undefined index...', '/home/genurgvd/...', 14, Array)
#1 /home/genurgvd/trademagoptions.online/system/View/View.php(220): include('/home/genurgvd/...')
#2 /home/genurgvd/trademagoptions.online/system/View/View.php(222): CodeIgniter\View\View->CodeIgniter\View\{closure}()
#3 /home/genurgvd/trademagoptions.online/system/Common.php(1217): CodeIgniter\View\View->render('users/fragments...', Array, true)
#4 /home/genurgvd/trademagoptions.online/app/Views/users/verify.php(3): view('users/fragments...')
#5 /home/genurgvd/trademagoptions.online/system/View/View.php(220): include('/home/genurgvd/...')
#6 /home/genurgvd/trademagoptions.online/system/View/View.php(222): CodeIgniter\View\View->CodeIgniter\View\{closure}()
#7 /home/genurgvd/trademagoptions.online/system/Common.php(1217): CodeIgniter\View\View->render('users/verify', Array, true)
#8 /home/genurgvd/trademagoptions.online/app/Controllers/Users.php(96): view('users/verify', Array)
#9 /home/genurgvd/trademagoptions.online/system/CodeIgniter.php(936): App\Controllers\Users->verify()
#10 /home/genurgvd/trademagoptions.online/system/CodeIgniter.php(432): CodeIgniter\CodeIgniter->runController(Object(App\Controllers\Users))
#11 /home/genurgvd/trademagoptions.online/system/CodeIgniter.php(333): CodeIgniter\CodeIgniter->handleRequest(NULL, Object(Config\Cache), false)
#12 /home/genurgvd/trademagoptions.online/index.php(44): CodeIgniter\CodeIgniter->run()
#13 {main}
CRITICAL - 2021-05-13 18:10:39 --> Undefined index: account_status
#0 /home/genurgvd/trademagoptions.online/app/Views/users/fragments/navigation.php(14): CodeIgniter\Debug\Exceptions->errorHandler(8, 'Undefined index...', '/home/genurgvd/...', 14, Array)
#1 /home/genurgvd/trademagoptions.online/system/View/View.php(220): include('/home/genurgvd/...')
#2 /home/genurgvd/trademagoptions.online/system/View/View.php(222): CodeIgniter\View\View->CodeIgniter\View\{closure}()
#3 /home/genurgvd/trademagoptions.online/system/Common.php(1217): CodeIgniter\View\View->render('users/fragments...', Array, true)
#4 /home/genurgvd/trademagoptions.online/app/Views/users/index.php(3): view('users/fragments...')
#5 /home/genurgvd/trademagoptions.online/system/View/View.php(220): include('/home/genurgvd/...')
#6 /home/genurgvd/trademagoptions.online/system/View/View.php(222): CodeIgniter\View\View->CodeIgniter\View\{closure}()
#7 /home/genurgvd/trademagoptions.online/system/Common.php(1217): CodeIgniter\View\View->render('users/index', Array, true)
#8 /home/genurgvd/trademagoptions.online/app/Controllers/Users.php(29): view('users/index', Array)
#9 /home/genurgvd/trademagoptions.online/system/CodeIgniter.php(936): App\Controllers\Users->index()
#10 /home/genurgvd/trademagoptions.online/system/CodeIgniter.php(432): CodeIgniter\CodeIgniter->runController(Object(App\Controllers\Users))
#11 /home/genurgvd/trademagoptions.online/system/CodeIgniter.php(333): CodeIgniter\CodeIgniter->handleRequest(NULL, Object(Config\Cache), false)
#12 /home/genurgvd/trademagoptions.online/index.php(44): CodeIgniter\CodeIgniter->run()
#13 {main}
