CRITICAL - 2021-06-24 10:02:08 --> View themes, no current section.
#0 C:\xampp\htdocs\bitsplash02\app\Views\landing\home.php(374): CodeIgniter\View\View->endSection()
#1 C:\xampp\htdocs\bitsplash02\system\View\View.php(220): include('C:\\xampp\\htdocs...')
#2 C:\xampp\htdocs\bitsplash02\system\View\View.php(222): CodeIgniter\View\View->CodeIgniter\View\{closure}()
#3 C:\xampp\htdocs\bitsplash02\system\Common.php(1217): CodeIgniter\View\View->render('landing/home', Array, true)
#4 C:\xampp\htdocs\bitsplash02\app\Controllers\Home.php(15): view('landing/home', Array)
#5 C:\xampp\htdocs\bitsplash02\system\CodeIgniter.php(936): App\Controllers\Home->index()
#6 C:\xampp\htdocs\bitsplash02\system\CodeIgniter.php(432): CodeIgniter\CodeIgniter->runController(Object(App\Controllers\Home))
#7 C:\xampp\htdocs\bitsplash02\system\CodeIgniter.php(333): CodeIgniter\CodeIgniter->handleRequest(NULL, Object(Config\Cache), false)
#8 C:\xampp\htdocs\bitsplash02\index.php(44): CodeIgniter\CodeIgniter->run()
#9 {main}
CRITICAL - 2021-06-24 10:03:08 --> View themes, no current section.
#0 C:\xampp\htdocs\bitsplash02\app\Views\landing\home.php(374): CodeIgniter\View\View->endSection()
#1 C:\xampp\htdocs\bitsplash02\system\View\View.php(220): include('C:\\xampp\\htdocs...')
#2 C:\xampp\htdocs\bitsplash02\system\View\View.php(222): CodeIgniter\View\View->CodeIgniter\View\{closure}()
#3 C:\xampp\htdocs\bitsplash02\system\Common.php(1217): CodeIgniter\View\View->render('landing/home', Array, true)
#4 C:\xampp\htdocs\bitsplash02\app\Controllers\Home.php(15): view('landing/home', Array)
#5 C:\xampp\htdocs\bitsplash02\system\CodeIgniter.php(936): App\Controllers\Home->index()
#6 C:\xampp\htdocs\bitsplash02\system\CodeIgniter.php(432): CodeIgniter\CodeIgniter->runController(Object(App\Controllers\Home))
#7 C:\xampp\htdocs\bitsplash02\system\CodeIgniter.php(333): CodeIgniter\CodeIgniter->handleRequest(NULL, Object(Config\Cache), false)
#8 C:\xampp\htdocs\bitsplash02\index.php(44): CodeIgniter\CodeIgniter->run()
#9 {main}
CRITICAL - 2021-06-24 10:03:10 --> View themes, no current section.
#0 C:\xampp\htdocs\bitsplash02\app\Views\landing\home.php(374): CodeIgniter\View\View->endSection()
#1 C:\xampp\htdocs\bitsplash02\system\View\View.php(220): include('C:\\xampp\\htdocs...')
#2 C:\xampp\htdocs\bitsplash02\system\View\View.php(222): CodeIgniter\View\View->CodeIgniter\View\{closure}()
#3 C:\xampp\htdocs\bitsplash02\system\Common.php(1217): CodeIgniter\View\View->render('landing/home', Array, true)
#4 C:\xampp\htdocs\bitsplash02\app\Controllers\Home.php(15): view('landing/home', Array)
#5 C:\xampp\htdocs\bitsplash02\system\CodeIgniter.php(936): App\Controllers\Home->index()
#6 C:\xampp\htdocs\bitsplash02\system\CodeIgniter.php(432): CodeIgniter\CodeIgniter->runController(Object(App\Controllers\Home))
#7 C:\xampp\htdocs\bitsplash02\system\CodeIgniter.php(333): CodeIgniter\CodeIgniter->handleRequest(NULL, Object(Config\Cache), false)
#8 C:\xampp\htdocs\bitsplash02\index.php(44): CodeIgniter\CodeIgniter->run()
#9 {main}
CRITICAL - 2021-06-24 10:17:29 --> View themes, no current section.
#0 C:\xampp\htdocs\bitsplash02\app\Views\landing\home.php(374): CodeIgniter\View\View->endSection()
#1 C:\xampp\htdocs\bitsplash02\system\View\View.php(220): include('C:\\xampp\\htdocs...')
#2 C:\xampp\htdocs\bitsplash02\system\View\View.php(222): CodeIgniter\View\View->CodeIgniter\View\{closure}()
#3 C:\xampp\htdocs\bitsplash02\system\Common.php(1217): CodeIgniter\View\View->render('landing/home', Array, true)
#4 C:\xampp\htdocs\bitsplash02\app\Controllers\Home.php(15): view('landing/home', Array)
#5 C:\xampp\htdocs\bitsplash02\system\CodeIgniter.php(936): App\Controllers\Home->index()
#6 C:\xampp\htdocs\bitsplash02\system\CodeIgniter.php(432): CodeIgniter\CodeIgniter->runController(Object(App\Controllers\Home))
#7 C:\xampp\htdocs\bitsplash02\system\CodeIgniter.php(333): CodeIgniter\CodeIgniter->handleRequest(NULL, Object(Config\Cache), false)
#8 C:\xampp\htdocs\bitsplash02\index.php(44): CodeIgniter\CodeIgniter->run()
#9 {main}
CRITICAL - 2021-06-24 10:18:05 --> View themes, no current section.
#0 C:\xampp\htdocs\bitsplash02\app\Views\landing\home.php(374): CodeIgniter\View\View->endSection()
#1 C:\xampp\htdocs\bitsplash02\system\View\View.php(220): include('C:\\xampp\\htdocs...')
#2 C:\xampp\htdocs\bitsplash02\system\View\View.php(222): CodeIgniter\View\View->CodeIgniter\View\{closure}()
#3 C:\xampp\htdocs\bitsplash02\system\Common.php(1217): CodeIgniter\View\View->render('landing/home', Array, true)
#4 C:\xampp\htdocs\bitsplash02\app\Controllers\Home.php(15): view('landing/home', Array)
#5 C:\xampp\htdocs\bitsplash02\system\CodeIgniter.php(936): App\Controllers\Home->index()
#6 C:\xampp\htdocs\bitsplash02\system\CodeIgniter.php(432): CodeIgniter\CodeIgniter->runController(Object(App\Controllers\Home))
#7 C:\xampp\htdocs\bitsplash02\system\CodeIgniter.php(333): CodeIgniter\CodeIgniter->handleRequest(NULL, Object(Config\Cache), false)
#8 C:\xampp\htdocs\bitsplash02\index.php(44): CodeIgniter\CodeIgniter->run()
#9 {main}
CRITICAL - 2021-06-24 10:18:39 --> View themes, no current section.
#0 C:\xampp\htdocs\bitsplash02\app\Views\landing\home.php(374): CodeIgniter\View\View->endSection()
#1 C:\xampp\htdocs\bitsplash02\system\View\View.php(220): include('C:\\xampp\\htdocs...')
#2 C:\xampp\htdocs\bitsplash02\system\View\View.php(222): CodeIgniter\View\View->CodeIgniter\View\{closure}()
#3 C:\xampp\htdocs\bitsplash02\system\Common.php(1217): CodeIgniter\View\View->render('landing/home', Array, true)
#4 C:\xampp\htdocs\bitsplash02\app\Controllers\Home.php(15): view('landing/home', Array)
#5 C:\xampp\htdocs\bitsplash02\system\CodeIgniter.php(936): App\Controllers\Home->index()
#6 C:\xampp\htdocs\bitsplash02\system\CodeIgniter.php(432): CodeIgniter\CodeIgniter->runController(Object(App\Controllers\Home))
#7 C:\xampp\htdocs\bitsplash02\system\CodeIgniter.php(333): CodeIgniter\CodeIgniter->handleRequest(NULL, Object(Config\Cache), false)
#8 C:\xampp\htdocs\bitsplash02\index.php(44): CodeIgniter\CodeIgniter->run()
#9 {main}
CRITICAL - 2021-06-24 10:20:00 --> View themes, no current section.
#0 C:\xampp\htdocs\bitsplash02\app\Views\landing\home.php(374): CodeIgniter\View\View->endSection()
#1 C:\xampp\htdocs\bitsplash02\system\View\View.php(220): include('C:\\xampp\\htdocs...')
#2 C:\xampp\htdocs\bitsplash02\system\View\View.php(222): CodeIgniter\View\View->CodeIgniter\View\{closure}()
#3 C:\xampp\htdocs\bitsplash02\system\Common.php(1217): CodeIgniter\View\View->render('landing/home', Array, true)
#4 C:\xampp\htdocs\bitsplash02\app\Controllers\Home.php(15): view('landing/home', Array)
#5 C:\xampp\htdocs\bitsplash02\system\CodeIgniter.php(936): App\Controllers\Home->index()
#6 C:\xampp\htdocs\bitsplash02\system\CodeIgniter.php(432): CodeIgniter\CodeIgniter->runController(Object(App\Controllers\Home))
#7 C:\xampp\htdocs\bitsplash02\system\CodeIgniter.php(333): CodeIgniter\CodeIgniter->handleRequest(NULL, Object(Config\Cache), false)
#8 C:\xampp\htdocs\bitsplash02\index.php(44): CodeIgniter\CodeIgniter->run()
#9 {main}
CRITICAL - 2021-06-24 10:20:01 --> View themes, no current section.
#0 C:\xampp\htdocs\bitsplash02\app\Views\landing\home.php(374): CodeIgniter\View\View->endSection()
#1 C:\xampp\htdocs\bitsplash02\system\View\View.php(220): include('C:\\xampp\\htdocs...')
#2 C:\xampp\htdocs\bitsplash02\system\View\View.php(222): CodeIgniter\View\View->CodeIgniter\View\{closure}()
#3 C:\xampp\htdocs\bitsplash02\system\Common.php(1217): CodeIgniter\View\View->render('landing/home', Array, true)
#4 C:\xampp\htdocs\bitsplash02\app\Controllers\Home.php(15): view('landing/home', Array)
#5 C:\xampp\htdocs\bitsplash02\system\CodeIgniter.php(936): App\Controllers\Home->index()
#6 C:\xampp\htdocs\bitsplash02\system\CodeIgniter.php(432): CodeIgniter\CodeIgniter->runController(Object(App\Controllers\Home))
#7 C:\xampp\htdocs\bitsplash02\system\CodeIgniter.php(333): CodeIgniter\CodeIgniter->handleRequest(NULL, Object(Config\Cache), false)
#8 C:\xampp\htdocs\bitsplash02\index.php(44): CodeIgniter\CodeIgniter->run()
#9 {main}
CRITICAL - 2021-06-24 10:20:02 --> View themes, no current section.
#0 C:\xampp\htdocs\bitsplash02\app\Views\landing\home.php(374): CodeIgniter\View\View->endSection()
#1 C:\xampp\htdocs\bitsplash02\system\View\View.php(220): include('C:\\xampp\\htdocs...')
#2 C:\xampp\htdocs\bitsplash02\system\View\View.php(222): CodeIgniter\View\View->CodeIgniter\View\{closure}()
#3 C:\xampp\htdocs\bitsplash02\system\Common.php(1217): CodeIgniter\View\View->render('landing/home', Array, true)
#4 C:\xampp\htdocs\bitsplash02\app\Controllers\Home.php(15): view('landing/home', Array)
#5 C:\xampp\htdocs\bitsplash02\system\CodeIgniter.php(936): App\Controllers\Home->index()
#6 C:\xampp\htdocs\bitsplash02\system\CodeIgniter.php(432): CodeIgniter\CodeIgniter->runController(Object(App\Controllers\Home))
#7 C:\xampp\htdocs\bitsplash02\system\CodeIgniter.php(333): CodeIgniter\CodeIgniter->handleRequest(NULL, Object(Config\Cache), false)
#8 C:\xampp\htdocs\bitsplash02\index.php(44): CodeIgniter\CodeIgniter->run()
#9 {main}
ERROR - 2021-06-24 12:42:11 --> Error connecting to the database: Access denied for user '****'@'localhost' (using password: YES)
CRITICAL - 2021-06-24 12:42:11 --> Unable to connect to the database.
#0 C:\xampp\htdocs\bitsplash02\system\Database\BaseConnection.php(618): CodeIgniter\Database\BaseConnection->initialize()
#1 C:\xampp\htdocs\bitsplash02\system\Database\BaseBuilder.php(1866): CodeIgniter\Database\BaseConnection->query('SELECT *\nFROM `...', Array, false)
#2 C:\xampp\htdocs\bitsplash02\app\Models\UserModel.php(29): CodeIgniter\Database\BaseBuilder->get()
#3 C:\xampp\htdocs\bitsplash02\app\Controllers\Auth.php(111): App\Models\UserModel->getOne(Array)
#4 C:\xampp\htdocs\bitsplash02\system\CodeIgniter.php(936): App\Controllers\Auth->login()
#5 C:\xampp\htdocs\bitsplash02\system\CodeIgniter.php(432): CodeIgniter\CodeIgniter->runController(Object(App\Controllers\Auth))
#6 C:\xampp\htdocs\bitsplash02\system\CodeIgniter.php(333): CodeIgniter\CodeIgniter->handleRequest(NULL, Object(Config\Cache), false)
#7 C:\xampp\htdocs\bitsplash02\index.php(44): CodeIgniter\CodeIgniter->run()
#8 {main}
CRITICAL - 2021-06-24 12:50:11 --> Required parameter $array follows optional parameter $limit
#0 C:\xampp\htdocs\bitsplash02\system\Autoloader\Autoloader.php(294): CodeIgniter\Debug\Exceptions->errorHandler(8192, 'Required parame...', 'C:\\xampp\\htdocs...', 45)
#1 C:\xampp\htdocs\bitsplash02\system\Autoloader\Autoloader.php(294): include_once()
#2 C:\xampp\htdocs\bitsplash02\system\Autoloader\Autoloader.php(265): CodeIgniter\Autoloader\Autoloader->includeFile('C:\\xampp\\htdocs...')
#3 C:\xampp\htdocs\bitsplash02\system\Autoloader\Autoloader.php(228): CodeIgniter\Autoloader\Autoloader->loadInNamespace('App\\Models\\Inve...')
#4 C:\xampp\htdocs\bitsplash02\app\Controllers\Admin.php(32): CodeIgniter\Autoloader\Autoloader->loadClass('App\\Models\\Inve...')
#5 C:\xampp\htdocs\bitsplash02\system\CodeIgniter.php(936): App\Controllers\Admin->index()
#6 C:\xampp\htdocs\bitsplash02\system\CodeIgniter.php(432): CodeIgniter\CodeIgniter->runController(Object(App\Controllers\Admin))
#7 C:\xampp\htdocs\bitsplash02\system\CodeIgniter.php(333): CodeIgniter\CodeIgniter->handleRequest(NULL, Object(Config\Cache), false)
#8 C:\xampp\htdocs\bitsplash02\index.php(44): CodeIgniter\CodeIgniter->run()
#9 {main}
CRITICAL - 2021-06-24 12:51:02 --> Required parameter $array follows optional parameter $limit
#0 C:\xampp\htdocs\bitsplash02\system\Autoloader\Autoloader.php(294): CodeIgniter\Debug\Exceptions->errorHandler(8192, 'Required parame...', 'C:\\xampp\\htdocs...', 45)
#1 C:\xampp\htdocs\bitsplash02\system\Autoloader\Autoloader.php(294): include_once()
#2 C:\xampp\htdocs\bitsplash02\system\Autoloader\Autoloader.php(265): CodeIgniter\Autoloader\Autoloader->includeFile('C:\\xampp\\htdocs...')
#3 C:\xampp\htdocs\bitsplash02\system\Autoloader\Autoloader.php(228): CodeIgniter\Autoloader\Autoloader->loadInNamespace('App\\Models\\Inve...')
#4 C:\xampp\htdocs\bitsplash02\app\Controllers\Admin.php(32): CodeIgniter\Autoloader\Autoloader->loadClass('App\\Models\\Inve...')
#5 C:\xampp\htdocs\bitsplash02\system\CodeIgniter.php(936): App\Controllers\Admin->index()
#6 C:\xampp\htdocs\bitsplash02\system\CodeIgniter.php(432): CodeIgniter\CodeIgniter->runController(Object(App\Controllers\Admin))
#7 C:\xampp\htdocs\bitsplash02\system\CodeIgniter.php(333): CodeIgniter\CodeIgniter->handleRequest(NULL, Object(Config\Cache), false)
#8 C:\xampp\htdocs\bitsplash02\index.php(44): CodeIgniter\CodeIgniter->run()
#9 {main}
CRITICAL - 2021-06-24 12:52:46 --> Undefined variable $invested_model
#0 C:\xampp\htdocs\bitsplash02\app\Controllers\Admin.php(36): CodeIgniter\Debug\Exceptions->errorHandler(2, 'Undefined varia...', 'C:\\xampp\\htdocs...', 36)
#1 C:\xampp\htdocs\bitsplash02\system\CodeIgniter.php(936): App\Controllers\Admin->index()
#2 C:\xampp\htdocs\bitsplash02\system\CodeIgniter.php(432): CodeIgniter\CodeIgniter->runController(Object(App\Controllers\Admin))
#3 C:\xampp\htdocs\bitsplash02\system\CodeIgniter.php(333): CodeIgniter\CodeIgniter->handleRequest(NULL, Object(Config\Cache), false)
#4 C:\xampp\htdocs\bitsplash02\index.php(44): CodeIgniter\CodeIgniter->run()
#5 {main}
CRITICAL - 2021-06-24 12:53:45 --> Required parameter $array follows optional parameter $limit
#0 C:\xampp\htdocs\bitsplash02\system\Autoloader\Autoloader.php(294): CodeIgniter\Debug\Exceptions->errorHandler(8192, 'Required parame...', 'C:\\xampp\\htdocs...', 45)
#1 C:\xampp\htdocs\bitsplash02\system\Autoloader\Autoloader.php(294): include_once()
#2 C:\xampp\htdocs\bitsplash02\system\Autoloader\Autoloader.php(265): CodeIgniter\Autoloader\Autoloader->includeFile('C:\\xampp\\htdocs...')
#3 C:\xampp\htdocs\bitsplash02\system\Autoloader\Autoloader.php(228): CodeIgniter\Autoloader\Autoloader->loadInNamespace('App\\Models\\Inve...')
#4 C:\xampp\htdocs\bitsplash02\app\Controllers\Admin.php(32): CodeIgniter\Autoloader\Autoloader->loadClass('App\\Models\\Inve...')
#5 C:\xampp\htdocs\bitsplash02\system\CodeIgniter.php(936): App\Controllers\Admin->index()
#6 C:\xampp\htdocs\bitsplash02\system\CodeIgniter.php(432): CodeIgniter\CodeIgniter->runController(Object(App\Controllers\Admin))
#7 C:\xampp\htdocs\bitsplash02\system\CodeIgniter.php(333): CodeIgniter\CodeIgniter->handleRequest(NULL, Object(Config\Cache), false)
#8 C:\xampp\htdocs\bitsplash02\index.php(44): CodeIgniter\CodeIgniter->run()
#9 {main}
CRITICAL - 2021-06-24 12:53:46 --> Required parameter $array follows optional parameter $limit
#0 C:\xampp\htdocs\bitsplash02\system\Autoloader\Autoloader.php(294): CodeIgniter\Debug\Exceptions->errorHandler(8192, 'Required parame...', 'C:\\xampp\\htdocs...', 45)
#1 C:\xampp\htdocs\bitsplash02\system\Autoloader\Autoloader.php(294): include_once()
#2 C:\xampp\htdocs\bitsplash02\system\Autoloader\Autoloader.php(265): CodeIgniter\Autoloader\Autoloader->includeFile('C:\\xampp\\htdocs...')
#3 C:\xampp\htdocs\bitsplash02\system\Autoloader\Autoloader.php(228): CodeIgniter\Autoloader\Autoloader->loadInNamespace('App\\Models\\Inve...')
#4 C:\xampp\htdocs\bitsplash02\app\Controllers\Admin.php(32): CodeIgniter\Autoloader\Autoloader->loadClass('App\\Models\\Inve...')
#5 C:\xampp\htdocs\bitsplash02\system\CodeIgniter.php(936): App\Controllers\Admin->index()
#6 C:\xampp\htdocs\bitsplash02\system\CodeIgniter.php(432): CodeIgniter\CodeIgniter->runController(Object(App\Controllers\Admin))
#7 C:\xampp\htdocs\bitsplash02\system\CodeIgniter.php(333): CodeIgniter\CodeIgniter->handleRequest(NULL, Object(Config\Cache), false)
#8 C:\xampp\htdocs\bitsplash02\index.php(44): CodeIgniter\CodeIgniter->run()
#9 {main}
CRITICAL - 2021-06-24 12:54:52 --> Required parameter $array follows optional parameter $limit
#0 C:\xampp\htdocs\bitsplash02\system\Autoloader\Autoloader.php(294): CodeIgniter\Debug\Exceptions->errorHandler(8192, 'Required parame...', 'C:\\xampp\\htdocs...', 45)
#1 C:\xampp\htdocs\bitsplash02\system\Autoloader\Autoloader.php(294): include_once()
#2 C:\xampp\htdocs\bitsplash02\system\Autoloader\Autoloader.php(265): CodeIgniter\Autoloader\Autoloader->includeFile('C:\\xampp\\htdocs...')
#3 C:\xampp\htdocs\bitsplash02\system\Autoloader\Autoloader.php(228): CodeIgniter\Autoloader\Autoloader->loadInNamespace('App\\Models\\Inve...')
#4 C:\xampp\htdocs\bitsplash02\app\Controllers\Admin.php(32): CodeIgniter\Autoloader\Autoloader->loadClass('App\\Models\\Inve...')
#5 C:\xampp\htdocs\bitsplash02\system\CodeIgniter.php(936): App\Controllers\Admin->index()
#6 C:\xampp\htdocs\bitsplash02\system\CodeIgniter.php(432): CodeIgniter\CodeIgniter->runController(Object(App\Controllers\Admin))
#7 C:\xampp\htdocs\bitsplash02\system\CodeIgniter.php(333): CodeIgniter\CodeIgniter->handleRequest(NULL, Object(Config\Cache), false)
#8 C:\xampp\htdocs\bitsplash02\index.php(44): CodeIgniter\CodeIgniter->run()
#9 {main}
CRITICAL - 2021-06-24 12:55:02 --> Required parameter $array follows optional parameter $limit
#0 C:\xampp\htdocs\bitsplash02\system\Autoloader\Autoloader.php(294): CodeIgniter\Debug\Exceptions->errorHandler(8192, 'Required parame...', 'C:\\xampp\\htdocs...', 45)
#1 C:\xampp\htdocs\bitsplash02\system\Autoloader\Autoloader.php(294): include_once()
#2 C:\xampp\htdocs\bitsplash02\system\Autoloader\Autoloader.php(265): CodeIgniter\Autoloader\Autoloader->includeFile('C:\\xampp\\htdocs...')
#3 C:\xampp\htdocs\bitsplash02\system\Autoloader\Autoloader.php(228): CodeIgniter\Autoloader\Autoloader->loadInNamespace('App\\Models\\Inve...')
#4 C:\xampp\htdocs\bitsplash02\app\Controllers\Admin.php(32): CodeIgniter\Autoloader\Autoloader->loadClass('App\\Models\\Inve...')
#5 C:\xampp\htdocs\bitsplash02\system\CodeIgniter.php(936): App\Controllers\Admin->index()
#6 C:\xampp\htdocs\bitsplash02\system\CodeIgniter.php(432): CodeIgniter\CodeIgniter->runController(Object(App\Controllers\Admin))
#7 C:\xampp\htdocs\bitsplash02\system\CodeIgniter.php(333): CodeIgniter\CodeIgniter->handleRequest(NULL, Object(Config\Cache), false)
#8 C:\xampp\htdocs\bitsplash02\index.php(44): CodeIgniter\CodeIgniter->run()
#9 {main}
CRITICAL - 2021-06-24 12:59:27 --> Required parameter $array follows optional parameter $limit
#0 C:\xampp\htdocs\bitsplash02\system\Autoloader\Autoloader.php(294): CodeIgniter\Debug\Exceptions->errorHandler(8192, 'Required parame...', 'C:\\xampp\\htdocs...', 45)
#1 C:\xampp\htdocs\bitsplash02\system\Autoloader\Autoloader.php(294): include_once()
#2 C:\xampp\htdocs\bitsplash02\system\Autoloader\Autoloader.php(265): CodeIgniter\Autoloader\Autoloader->includeFile('C:\\xampp\\htdocs...')
#3 C:\xampp\htdocs\bitsplash02\system\Autoloader\Autoloader.php(228): CodeIgniter\Autoloader\Autoloader->loadInNamespace('App\\Models\\Inve...')
#4 C:\xampp\htdocs\bitsplash02\app\Controllers\Admin.php(32): CodeIgniter\Autoloader\Autoloader->loadClass('App\\Models\\Inve...')
#5 C:\xampp\htdocs\bitsplash02\system\CodeIgniter.php(936): App\Controllers\Admin->index()
#6 C:\xampp\htdocs\bitsplash02\system\CodeIgniter.php(432): CodeIgniter\CodeIgniter->runController(Object(App\Controllers\Admin))
#7 C:\xampp\htdocs\bitsplash02\system\CodeIgniter.php(333): CodeIgniter\CodeIgniter->handleRequest(NULL, Object(Config\Cache), false)
#8 C:\xampp\htdocs\bitsplash02\index.php(44): CodeIgniter\CodeIgniter->run()
#9 {main}
CRITICAL - 2021-06-24 12:59:29 --> Required parameter $array follows optional parameter $limit
#0 C:\xampp\htdocs\bitsplash02\system\Autoloader\Autoloader.php(294): CodeIgniter\Debug\Exceptions->errorHandler(8192, 'Required parame...', 'C:\\xampp\\htdocs...', 45)
#1 C:\xampp\htdocs\bitsplash02\system\Autoloader\Autoloader.php(294): include_once()
#2 C:\xampp\htdocs\bitsplash02\system\Autoloader\Autoloader.php(265): CodeIgniter\Autoloader\Autoloader->includeFile('C:\\xampp\\htdocs...')
#3 C:\xampp\htdocs\bitsplash02\system\Autoloader\Autoloader.php(228): CodeIgniter\Autoloader\Autoloader->loadInNamespace('App\\Models\\Inve...')
#4 C:\xampp\htdocs\bitsplash02\app\Controllers\Admin.php(32): CodeIgniter\Autoloader\Autoloader->loadClass('App\\Models\\Inve...')
#5 C:\xampp\htdocs\bitsplash02\system\CodeIgniter.php(936): App\Controllers\Admin->index()
#6 C:\xampp\htdocs\bitsplash02\system\CodeIgniter.php(432): CodeIgniter\CodeIgniter->runController(Object(App\Controllers\Admin))
#7 C:\xampp\htdocs\bitsplash02\system\CodeIgniter.php(333): CodeIgniter\CodeIgniter->handleRequest(NULL, Object(Config\Cache), false)
#8 C:\xampp\htdocs\bitsplash02\index.php(44): CodeIgniter\CodeIgniter->run()
#9 {main}
