CRITICAL - 2021-09-04 00:43:58 --> Trying to access array offset on value of type null
#0 /home/condruwn/public_html/app/Controllers/Users.php(435): CodeIgniter\Debug\Exceptions->errorHandler(8, 'Trying to acces...', '/home/condruwn/...', 435, Array)
#1 /home/condruwn/public_html/system/CodeIgniter.php(936): App\Controllers\Users->withdrawal()
#2 /home/condruwn/public_html/system/CodeIgniter.php(432): CodeIgniter\CodeIgniter->runController(Object(App\Controllers\Users))
#3 /home/condruwn/public_html/system/CodeIgniter.php(333): CodeIgniter\CodeIgniter->handleRequest(NULL, Object(Config\Cache), false)
#4 /home/condruwn/public_html/index.php(44): CodeIgniter\CodeIgniter->run()
#5 {main}
CRITICAL - 2021-09-04 00:44:02 --> Trying to access array offset on value of type null
#0 /home/condruwn/public_html/app/Controllers/Users.php(435): CodeIgniter\Debug\Exceptions->errorHandler(8, 'Trying to acces...', '/home/condruwn/...', 435, Array)
#1 /home/condruwn/public_html/system/CodeIgniter.php(936): App\Controllers\Users->withdrawal()
#2 /home/condruwn/public_html/system/CodeIgniter.php(432): CodeIgniter\CodeIgniter->runController(Object(App\Controllers\Users))
#3 /home/condruwn/public_html/system/CodeIgniter.php(333): CodeIgniter\CodeIgniter->handleRequest(NULL, Object(Config\Cache), false)
#4 /home/condruwn/public_html/index.php(44): CodeIgniter\CodeIgniter->run()
#5 {main}
CRITICAL - 2021-09-04 00:44:04 --> Trying to access array offset on value of type null
#0 /home/condruwn/public_html/app/Controllers/Users.php(435): CodeIgniter\Debug\Exceptions->errorHandler(8, 'Trying to acces...', '/home/condruwn/...', 435, Array)
#1 /home/condruwn/public_html/system/CodeIgniter.php(936): App\Controllers\Users->withdrawal()
#2 /home/condruwn/public_html/system/CodeIgniter.php(432): CodeIgniter\CodeIgniter->runController(Object(App\Controllers\Users))
#3 /home/condruwn/public_html/system/CodeIgniter.php(333): CodeIgniter\CodeIgniter->handleRequest(NULL, Object(Config\Cache), false)
#4 /home/condruwn/public_html/index.php(44): CodeIgniter\CodeIgniter->run()
#5 {main}
CRITICAL - 2021-09-04 00:44:06 --> Trying to access array offset on value of type null
#0 /home/condruwn/public_html/app/Controllers/Users.php(435): CodeIgniter\Debug\Exceptions->errorHandler(8, 'Trying to acces...', '/home/condruwn/...', 435, Array)
#1 /home/condruwn/public_html/system/CodeIgniter.php(936): App\Controllers\Users->withdrawal()
#2 /home/condruwn/public_html/system/CodeIgniter.php(432): CodeIgniter\CodeIgniter->runController(Object(App\Controllers\Users))
#3 /home/condruwn/public_html/system/CodeIgniter.php(333): CodeIgniter\CodeIgniter->handleRequest(NULL, Object(Config\Cache), false)
#4 /home/condruwn/public_html/index.php(44): CodeIgniter\CodeIgniter->run()
#5 {main}
CRITICAL - 2021-09-04 00:57:59 --> Trying to access array offset on value of type null
#0 /home/condruwn/public_html/app/Controllers/Users.php(72): CodeIgniter\Debug\Exceptions->errorHandler(8, 'Trying to acces...', '/home/condruwn/...', 72, Array)
#1 /home/condruwn/public_html/system/CodeIgniter.php(936): App\Controllers\Users->verify()
#2 /home/condruwn/public_html/system/CodeIgniter.php(432): CodeIgniter\CodeIgniter->runController(Object(App\Controllers\Users))
#3 /home/condruwn/public_html/system/CodeIgniter.php(333): CodeIgniter\CodeIgniter->handleRequest(NULL, Object(Config\Cache), false)
#4 /home/condruwn/public_html/index.php(44): CodeIgniter\CodeIgniter->run()
#5 {main}
CRITICAL - 2021-09-04 17:37:37 --> Trying to access array offset on value of type null
#0 /home/condruwn/public_html/app/Controllers/Users.php(51): CodeIgniter\Debug\Exceptions->errorHandler(8, 'Trying to acces...', '/home/condruwn/...', 51, Array)
#1 /home/condruwn/public_html/system/CodeIgniter.php(936): App\Controllers\Users->trade()
#2 /home/condruwn/public_html/system/CodeIgniter.php(432): CodeIgniter\CodeIgniter->runController(Object(App\Controllers\Users))
#3 /home/condruwn/public_html/system/CodeIgniter.php(333): CodeIgniter\CodeIgniter->handleRequest(NULL, Object(Config\Cache), false)
#4 /home/condruwn/public_html/index.php(44): CodeIgniter\CodeIgniter->run()
#5 {main}
CRITICAL - 2021-09-04 17:37:42 --> Trying to access array offset on value of type null
#0 /home/condruwn/public_html/app/Controllers/Users.php(27): CodeIgniter\Debug\Exceptions->errorHandler(8, 'Trying to acces...', '/home/condruwn/...', 27, Array)
#1 /home/condruwn/public_html/system/CodeIgniter.php(936): App\Controllers\Users->index()
#2 /home/condruwn/public_html/system/CodeIgniter.php(432): CodeIgniter\CodeIgniter->runController(Object(App\Controllers\Users))
#3 /home/condruwn/public_html/system/CodeIgniter.php(333): CodeIgniter\CodeIgniter->handleRequest(NULL, Object(Config\Cache), false)
#4 /home/condruwn/public_html/index.php(44): CodeIgniter\CodeIgniter->run()
#5 {main}
CRITICAL - 2021-09-04 23:54:31 --> Trying to access array offset on value of type null
#0 /home/condruwn/public_html/app/Controllers/Admin.php(63): CodeIgniter\Debug\Exceptions->errorHandler(8, 'Trying to acces...', '/home/condruwn/...', 63, Array)
#1 /home/condruwn/public_html/system/CodeIgniter.php(936): App\Controllers\Admin->users()
#2 /home/condruwn/public_html/system/CodeIgniter.php(432): CodeIgniter\CodeIgniter->runController(Object(App\Controllers\Admin))
#3 /home/condruwn/public_html/system/CodeIgniter.php(333): CodeIgniter\CodeIgniter->handleRequest(NULL, Object(Config\Cache), false)
#4 /home/condruwn/public_html/index.php(44): CodeIgniter\CodeIgniter->run()
#5 {main}
